#
# There is insufficient memory for the Java Runtime Environment to continue.
# Native memory allocation (malloc) failed to allocate 1112336 bytes. Error detail: Chunk::new
# Possible reasons:
#   The system is out of physical RAM or swap space
#   This process is running with CompressedOops enabled, and the Java Heap may be blocking the growth of the native heap
# Possible solutions:
#   Reduce memory load on the system
#   Increase physical memory or swap space
#   Check if swap backing store is full
#   Decrease Java heap size (-Xmx/-Xms)
#   Decrease number of Java threads
#   Decrease Java thread stack sizes (-Xss)
#   Set larger code cache with -XX:ReservedCodeCacheSize=
#   JVM is running with Unscaled Compressed Oops mode in which the Java heap is
#     placed in the first 4GB address space. The Java Heap base address is the
#     maximum limit for the native heap growth. Please use -XX:HeapBaseMinAddress
#     to set the Java Heap base and to place the Java Heap above 4GB virtual address.
# This output file may be truncated or incomplete.
#
#  Out of Memory Error (arena.cpp:191), pid=9932, tid=4968
#
# JRE version: OpenJDK Runtime Environment Corretto-17.0.13.11.1 (17.0.13+11) (build 17.0.13+11-LTS)
# Java VM: OpenJDK 64-Bit Server VM Corretto-17.0.13.11.1 (17.0.13+11-LTS, mixed mode, sharing, tiered, compressed oops, compressed class ptrs, g1 gc, windows-amd64)
# No core dump will be written. Minidumps are not enabled by default on client versions of Windows
#

---------------  S U M M A R Y ------------

Command Line: C:\Users\user\AppData\Local\Temp\surefire15489333663685162620\surefirebooter-20251112221123323_3.jar C:\Users\user\AppData\Local\Temp\surefire15489333663685162620 2025-11-12T22-11-18_366-jvmRun1 surefire-20251112221123323_1tmp surefire_0-20251112221123323_2tmp

Host: Intel(R) Pentium(R) CPU  N3700  @ 1.60GHz, 4 cores, 3G,  Windows 10 , 64 bit Build 19041 (10.0.19041.5915)
Time: Wed Nov 12 22:12:41 2025 Afr. centrale Ouest elapsed time: 74.207834 seconds (0d 0h 1m 14s)

---------------  T H R E A D  ---------------

Current thread (0x000002b0b8e19f60):  JavaThread "C2 CompilerThread0" daemon [_thread_in_native, id=4968, stack(0x000000b8cd400000,0x000000b8cd500000)]


Current CompileTask:
C2:  74208 4705       4       org.springframework.beans.factory.support.AbstractBeanFactory::isTypeMatch (745 bytes)

Stack: [0x000000b8cd400000,0x000000b8cd500000]
Native frames: (J=compiled Java code, j=interpreted, Vv=VM code, C=native code)
V  [jvm.dll+0x680c19]
V  [jvm.dll+0x83888a]
V  [jvm.dll+0x83a34e]
V  [jvm.dll+0x83a9b3]
V  [jvm.dll+0x2481af]
V  [jvm.dll+0xac9f4]
V  [jvm.dll+0xad03c]
V  [jvm.dll+0x2af7df]
V  [jvm.dll+0x587047]
V  [jvm.dll+0x223012]
V  [jvm.dll+0x22340f]
V  [jvm.dll+0x21c530]
V  [jvm.dll+0x219a31]
V  [jvm.dll+0x1a58ed]
V  [jvm.dll+0x22988d]
V  [jvm.dll+0x227a1c]
V  [jvm.dll+0x7ed737]
V  [jvm.dll+0x7e7b2c]
V  [jvm.dll+0x67fae7]
C  [ucrtbase.dll+0x21bb2]
C  [KERNEL32.DLL+0x17374]
C  [ntdll.dll+0x4cc91]


---------------  P R O C E S S  ---------------

Threads class SMR info:
_java_thread_list=0x000002b080505470, length=16, elements={
0x000002b09d92dad0, 0x000002b09d9eb330, 0x000002b09d9ebef0, 0x000002b0b8e13350,
0x000002b0b8e13e20, 0x000002b0b8e167f0, 0x000002b0b8e171b0, 0x000002b0b8e19f60,
0x000002b0b8e1ba20, 0x000002b0b8e8ae40, 0x000002b0fe1a8b50, 0x000002b0fe1a96e0,
0x000002b0fe3c71d0, 0x000002b0fe3f9160, 0x000002b0807d19f0, 0x000002b0806496d0
}

Java Threads: ( => current thread )
  0x000002b09d92dad0 JavaThread "main" [_thread_in_vm, id=5748, stack(0x000000b8cc700000,0x000000b8cc800000)]
  0x000002b09d9eb330 JavaThread "Reference Handler" daemon [_thread_blocked, id=9332, stack(0x000000b8cce00000,0x000000b8ccf00000)]
  0x000002b09d9ebef0 JavaThread "Finalizer" daemon [_thread_blocked, id=20332, stack(0x000000b8ccf00000,0x000000b8cd000000)]
  0x000002b0b8e13350 JavaThread "Signal Dispatcher" daemon [_thread_blocked, id=17604, stack(0x000000b8cd000000,0x000000b8cd100000)]
  0x000002b0b8e13e20 JavaThread "Attach Listener" daemon [_thread_blocked, id=18640, stack(0x000000b8cd100000,0x000000b8cd200000)]
  0x000002b0b8e167f0 JavaThread "Service Thread" daemon [_thread_blocked, id=16644, stack(0x000000b8cd200000,0x000000b8cd300000)]
  0x000002b0b8e171b0 JavaThread "Monitor Deflation Thread" daemon [_thread_blocked, id=9512, stack(0x000000b8cd300000,0x000000b8cd400000)]
=>0x000002b0b8e19f60 JavaThread "C2 CompilerThread0" daemon [_thread_in_native, id=4968, stack(0x000000b8cd400000,0x000000b8cd500000)]
  0x000002b0b8e1ba20 JavaThread "C1 CompilerThread0" daemon [_thread_blocked, id=10280, stack(0x000000b8cd500000,0x000000b8cd600000)]
  0x000002b0b8e8ae40 JavaThread "Sweeper thread" daemon [_thread_blocked, id=13800, stack(0x000000b8cd600000,0x000000b8cd700000)]
  0x000002b0fe1a8b50 JavaThread "Notification Thread" daemon [_thread_blocked, id=17184, stack(0x000000b8cd700000,0x000000b8cd800000)]
  0x000002b0fe1a96e0 JavaThread "Common-Cleaner" daemon [_thread_blocked, id=14544, stack(0x000000b8cd900000,0x000000b8cda00000)]
  0x000002b0fe3c71d0 JavaThread "surefire-forkedjvm-stream-flusher" daemon [_thread_blocked, id=7988, stack(0x000000b8cda00000,0x000000b8cdb00000)]
  0x000002b0fe3f9160 JavaThread "surefire-forkedjvm-command-thread" daemon [_thread_in_native, id=17244, stack(0x000000b8cdb00000,0x000000b8cdc00000)]
  0x000002b0807d19f0 JavaThread "PostgreSQL-JDBC-Cleaner" daemon [_thread_blocked, id=10228, stack(0x000000b8ce100000,0x000000b8ce200000)]
  0x000002b0806496d0 JavaThread "HikariPool-1:housekeeper" daemon [_thread_blocked, id=8404, stack(0x000000b8ce200000,0x000000b8ce300000)]

Other Threads:
  0x000002b09d9e5d90 VMThread "VM Thread" [stack: 0x000000b8ccd00000,0x000000b8cce00000] [id=9488]
  0x000002b0fe1a9440 WatcherThread [stack: 0x000000b8cd800000,0x000000b8cd900000] [id=6844]
  0x000002b09d96a240 GCTaskThread "GC Thread#0" [stack: 0x000000b8cc800000,0x000000b8cc900000] [id=2672]
  0x000002b0fe7eca10 GCTaskThread "GC Thread#1" [stack: 0x000000b8cdc00000,0x000000b8cdd00000] [id=13856]
  0x000002b0fe968960 GCTaskThread "GC Thread#2" [stack: 0x000000b8cdd00000,0x000000b8cde00000] [id=17096]
  0x000002b0fe968c20 GCTaskThread "GC Thread#3" [stack: 0x000000b8cde00000,0x000000b8cdf00000] [id=15040]
  0x000002b09d972e90 ConcurrentGCThread "G1 Main Marker" [stack: 0x000000b8cc900000,0x000000b8cca00000] [id=12544]
  0x000002b09d9738b0 ConcurrentGCThread "G1 Conc#0" [stack: 0x000000b8cca00000,0x000000b8ccb00000] [id=14428]
  0x000002b09d9c2340 ConcurrentGCThread "G1 Refine#0" [stack: 0x000000b8ccb00000,0x000000b8ccc00000] [id=5848]
  0x000002b0fe7d2970 ConcurrentGCThread "G1 Refine#1" [stack: 0x000000b8cdf00000,0x000000b8ce000000] [id=18444]
  0x000002b09d9c2d70 ConcurrentGCThread "G1 Service" [stack: 0x000000b8ccc00000,0x000000b8ccd00000] [id=9656]

Threads with active compile tasks:
C2 CompilerThread0    74395 4705       4       org.springframework.beans.factory.support.AbstractBeanFactory::isTypeMatch (745 bytes)

VM state: not at safepoint (normal execution)

VM Mutex/Monitor currently owned by a thread: None

Heap address: 0x00000000c1800000, size: 1000 MB, Compressed Oops mode: 32-bit

CDS archive(s) mapped at: [0x000002b0b9000000-0x000002b0b9bb0000-0x000002b0b9bb0000), size 12255232, SharedBaseAddress: 0x000002b0b9000000, ArchiveRelocationMode: 1.
Compressed class space mapped at: 0x000002b0ba000000-0x000002b0fa000000, reserved size: 1073741824
Narrow klass base: 0x000002b0b9000000, Narrow klass shift: 0, Narrow klass range: 0x100000000

GC Precious Log:
 CPUs: 4 total, 4 available
 Memory: 3996M
 Large Page Support: Disabled
 NUMA Support: Disabled
 Compressed Oops: Enabled (32-bit)
 Heap Region Size: 1M
 Heap Min Capacity: 8M
 Heap Initial Capacity: 64M
 Heap Max Capacity: 1000M
 Pre-touch: Disabled
 Parallel Workers: 4
 Concurrent Workers: 1
 Concurrent Refinement Workers: 4
 Periodic GC: Disabled

Heap:
 garbage-first heap   total 58368K, used 35776K [0x00000000c1800000, 0x0000000100000000)
  region size 1024K, 13 young (13312K), 2 survivors (2048K)
 Metaspace       used 57585K, committed 58048K, reserved 1114112K
  class space    used 8067K, committed 8320K, reserved 1048576K

Heap Regions: E=young(eden), S=young(survivor), O=old, HS=humongous(starts), HC=humongous(continues), CS=collection set, F=free, OA=open archive, CA=closed archive, TAMS=top-at-mark-start (previous, next)
|   0|0x00000000c1800000, 0x00000000c1900000, 0x00000000c1900000|100%|HS|  |TAMS 0x00000000c1900000, 0x00000000c1800000| Complete 
|   1|0x00000000c1900000, 0x00000000c1a00000, 0x00000000c1a00000|100%|HS|  |TAMS 0x00000000c1a00000, 0x00000000c1900000| Complete 
|   2|0x00000000c1a00000, 0x00000000c1b00000, 0x00000000c1b00000|100%| O|  |TAMS 0x00000000c1b00000, 0x00000000c1a00000| Untracked 
|   3|0x00000000c1b00000, 0x00000000c1c00000, 0x00000000c1c00000|100%| O|  |TAMS 0x00000000c1c00000, 0x00000000c1b00000| Untracked 
|   4|0x00000000c1c00000, 0x00000000c1d00000, 0x00000000c1d00000|100%| O|  |TAMS 0x00000000c1d00000, 0x00000000c1c00000| Untracked 
|   5|0x00000000c1d00000, 0x00000000c1e00000, 0x00000000c1e00000|100%| O|  |TAMS 0x00000000c1e00000, 0x00000000c1d00000| Untracked 
|   6|0x00000000c1e00000, 0x00000000c1f00000, 0x00000000c1f00000|100%| O|  |TAMS 0x00000000c1f00000, 0x00000000c1e00000| Untracked 
|   7|0x00000000c1f00000, 0x00000000c2000000, 0x00000000c2000000|100%| O|  |TAMS 0x00000000c2000000, 0x00000000c1f00000| Untracked 
|   8|0x00000000c2000000, 0x00000000c2100000, 0x00000000c2100000|100%| O|  |TAMS 0x00000000c2100000, 0x00000000c2000000| Untracked 
|   9|0x00000000c2100000, 0x00000000c2200000, 0x00000000c2200000|100%| O|  |TAMS 0x00000000c2200000, 0x00000000c2100000| Untracked 
|  10|0x00000000c2200000, 0x00000000c2293000, 0x00000000c2300000| 57%| O|  |TAMS 0x00000000c2293000, 0x00000000c2200000| Untracked 
|  11|0x00000000c2300000, 0x00000000c2400000, 0x00000000c2400000|100%| O|  |TAMS 0x00000000c2400000, 0x00000000c2300000| Untracked 
|  12|0x00000000c2400000, 0x00000000c2500000, 0x00000000c2500000|100%| O|  |TAMS 0x00000000c2500000, 0x00000000c2400000| Untracked 
|  13|0x00000000c2500000, 0x00000000c2600000, 0x00000000c2600000|100%| O|  |TAMS 0x00000000c2600000, 0x00000000c2500000| Untracked 
|  14|0x00000000c2600000, 0x00000000c2700000, 0x00000000c2700000|100%| O|  |TAMS 0x00000000c2700000, 0x00000000c2600000| Untracked 
|  15|0x00000000c2700000, 0x00000000c2800000, 0x00000000c2800000|100%| O|  |TAMS 0x00000000c2800000, 0x00000000c2700000| Untracked 
|  16|0x00000000c2800000, 0x00000000c2900000, 0x00000000c2900000|100%| O|  |TAMS 0x00000000c2900000, 0x00000000c2800000| Untracked 
|  17|0x00000000c2900000, 0x00000000c2a00000, 0x00000000c2a00000|100%| O|  |TAMS 0x00000000c292ec00, 0x00000000c2900000| Untracked 
|  18|0x00000000c2a00000, 0x00000000c2b00000, 0x00000000c2b00000|100%| O|  |TAMS 0x00000000c2a00000, 0x00000000c2a00000| Untracked 
|  19|0x00000000c2b00000, 0x00000000c2c00000, 0x00000000c2c00000|100%| O|  |TAMS 0x00000000c2b00000, 0x00000000c2b00000| Untracked 
|  20|0x00000000c2c00000, 0x00000000c2d00000, 0x00000000c2d00000|100%| O|  |TAMS 0x00000000c2c00000, 0x00000000c2c00000| Untracked 
|  21|0x00000000c2d00000, 0x00000000c2e00000, 0x00000000c2e00000|100%| O|  |TAMS 0x00000000c2d00000, 0x00000000c2d00000| Untracked 
|  22|0x00000000c2e00000, 0x00000000c2f00000, 0x00000000c2f00000|100%| O|  |TAMS 0x00000000c2e00000, 0x00000000c2e00000| Untracked 
|  23|0x00000000c2f00000, 0x00000000c2f8fa00, 0x00000000c3000000| 56%| O|  |TAMS 0x00000000c2f00000, 0x00000000c2f00000| Untracked 
|  24|0x00000000c3000000, 0x00000000c3000000, 0x00000000c3100000|  0%| F|  |TAMS 0x00000000c3000000, 0x00000000c3000000| Untracked 
|  25|0x00000000c3100000, 0x00000000c3100000, 0x00000000c3200000|  0%| F|  |TAMS 0x00000000c3100000, 0x00000000c3100000| Untracked 
|  26|0x00000000c3200000, 0x00000000c3200000, 0x00000000c3300000|  0%| F|  |TAMS 0x00000000c3200000, 0x00000000c3200000| Untracked 
|  27|0x00000000c3300000, 0x00000000c3300000, 0x00000000c3400000|  0%| F|  |TAMS 0x00000000c3300000, 0x00000000c3300000| Untracked 
|  28|0x00000000c3400000, 0x00000000c3400000, 0x00000000c3500000|  0%| F|  |TAMS 0x00000000c3400000, 0x00000000c3400000| Untracked 
|  29|0x00000000c3500000, 0x00000000c3500000, 0x00000000c3600000|  0%| F|  |TAMS 0x00000000c3500000, 0x00000000c3500000| Untracked 
|  30|0x00000000c3600000, 0x00000000c3600000, 0x00000000c3700000|  0%| F|  |TAMS 0x00000000c3600000, 0x00000000c3600000| Untracked 
|  31|0x00000000c3700000, 0x00000000c3700000, 0x00000000c3800000|  0%| F|  |TAMS 0x00000000c3700000, 0x00000000c3700000| Untracked 
|  32|0x00000000c3800000, 0x00000000c3800000, 0x00000000c3900000|  0%| F|  |TAMS 0x00000000c3800000, 0x00000000c3800000| Untracked 
|  33|0x00000000c3900000, 0x00000000c3900000, 0x00000000c3a00000|  0%| F|  |TAMS 0x00000000c3900000, 0x00000000c3900000| Untracked 
|  34|0x00000000c3a00000, 0x00000000c3acd760, 0x00000000c3b00000| 80%| S|CS|TAMS 0x00000000c3a00000, 0x00000000c3a00000| Complete 
|  35|0x00000000c3b00000, 0x00000000c3b00000, 0x00000000c3c00000|  0%| F|  |TAMS 0x00000000c3b00000, 0x00000000c3b00000| Untracked 
|  36|0x00000000c3c00000, 0x00000000c3d00000, 0x00000000c3d00000|100%| S|CS|TAMS 0x00000000c3c00000, 0x00000000c3c00000| Complete 
|  37|0x00000000c3d00000, 0x00000000c3d00000, 0x00000000c3e00000|  0%| F|  |TAMS 0x00000000c3d00000, 0x00000000c3d00000| Untracked 
|  38|0x00000000c3e00000, 0x00000000c3e00000, 0x00000000c3f00000|  0%| F|  |TAMS 0x00000000c3e00000, 0x00000000c3e00000| Untracked 
|  39|0x00000000c3f00000, 0x00000000c3f00000, 0x00000000c4000000|  0%| F|  |TAMS 0x00000000c3f00000, 0x00000000c3f00000| Untracked 
|  40|0x00000000c4000000, 0x00000000c4000000, 0x00000000c4100000|  0%| F|  |TAMS 0x00000000c4000000, 0x00000000c4000000| Untracked 
|  41|0x00000000c4100000, 0x00000000c4100000, 0x00000000c4200000|  0%| F|  |TAMS 0x00000000c4100000, 0x00000000c4100000| Untracked 
|  42|0x00000000c4200000, 0x00000000c4200000, 0x00000000c4300000|  0%| F|  |TAMS 0x00000000c4200000, 0x00000000c4200000| Untracked 
|  43|0x00000000c4300000, 0x00000000c4300000, 0x00000000c4400000|  0%| F|  |TAMS 0x00000000c4300000, 0x00000000c4300000| Untracked 
|  44|0x00000000c4400000, 0x00000000c4400000, 0x00000000c4500000|  0%| F|  |TAMS 0x00000000c4400000, 0x00000000c4400000| Untracked 
|  45|0x00000000c4500000, 0x00000000c4500000, 0x00000000c4600000|  0%| F|  |TAMS 0x00000000c4500000, 0x00000000c4500000| Untracked 
|  46|0x00000000c4600000, 0x00000000c46cda50, 0x00000000c4700000| 80%| E|  |TAMS 0x00000000c4600000, 0x00000000c4600000| Complete 
|  47|0x00000000c4700000, 0x00000000c4800000, 0x00000000c4800000|100%| E|CS|TAMS 0x00000000c4700000, 0x00000000c4700000| Complete 
|  48|0x00000000c4800000, 0x00000000c4900000, 0x00000000c4900000|100%| E|CS|TAMS 0x00000000c4800000, 0x00000000c4800000| Complete 
|  49|0x00000000c4900000, 0x00000000c4a00000, 0x00000000c4a00000|100%| E|CS|TAMS 0x00000000c4900000, 0x00000000c4900000| Complete 
|  50|0x00000000c4a00000, 0x00000000c4b00000, 0x00000000c4b00000|100%| E|CS|TAMS 0x00000000c4a00000, 0x00000000c4a00000| Complete 
|  51|0x00000000c4b00000, 0x00000000c4c00000, 0x00000000c4c00000|100%| E|CS|TAMS 0x00000000c4b00000, 0x00000000c4b00000| Complete 
|  52|0x00000000c4c00000, 0x00000000c4d00000, 0x00000000c4d00000|100%| E|CS|TAMS 0x00000000c4c00000, 0x00000000c4c00000| Complete 
|  53|0x00000000c4d00000, 0x00000000c4e00000, 0x00000000c4e00000|100%| E|CS|TAMS 0x00000000c4d00000, 0x00000000c4d00000| Complete 
|  54|0x00000000c4e00000, 0x00000000c4f00000, 0x00000000c4f00000|100%| E|CS|TAMS 0x00000000c4e00000, 0x00000000c4e00000| Complete 
|  55|0x00000000c4f00000, 0x00000000c5000000, 0x00000000c5000000|100%| E|CS|TAMS 0x00000000c4f00000, 0x00000000c4f00000| Complete 
|  63|0x00000000c5700000, 0x00000000c5800000, 0x00000000c5800000|100%| E|CS|TAMS 0x00000000c5700000, 0x00000000c5700000| Complete 

Card table byte_map: [0x000002b0b4670000,0x000002b0b4870000] _byte_map_base: 0x000002b0b4064000

Marking Bits (Prev, Next): (CMBitMap*) 0x000002b09d96a860, (CMBitMap*) 0x000002b09d96a8a0
 Prev Bits: [0x000002b0b4a70000, 0x000002b0b5a10000)
 Next Bits: [0x000002b0b5a10000, 0x000002b0b69b0000)

Polling page: 0x000002b09b730000

Metaspace:

Usage:
  Non-class:     48.37 MB used.
      Class:      7.88 MB used.
       Both:     56.25 MB used.

Virtual space:
  Non-class space:       64.00 MB reserved,      48.56 MB ( 76%) committed,  1 nodes.
      Class space:        1.00 GB reserved,       8.12 MB ( <1%) committed,  1 nodes.
             Both:        1.06 GB reserved,      56.69 MB (  5%) committed. 

Chunk freelists:
   Non-Class:  14.81 MB
       Class:  7.78 MB
        Both:  22.59 MB

MaxMetaspaceSize: unlimited
CompressedClassSpaceSize: 1.00 GB
Initial GC threshold: 21.00 MB
Current GC threshold: 59.19 MB
CDS: on
MetaspaceReclaimPolicy: balanced
 - commit_granule_bytes: 65536.
 - commit_granule_words: 8192.
 - virtual_space_node_default_size: 8388608.
 - enlarge_chunks_in_place: 1.
 - new_chunks_are_fully_committed: 0.
 - uncommit_free_chunks: 1.
 - use_allocation_guard: 0.
 - handle_deallocations: 1.


Internal statistics:

num_allocs_failed_limit: 6.
num_arena_births: 622.
num_arena_deaths: 0.
num_vsnodes_births: 2.
num_vsnodes_deaths: 0.
num_space_committed: 907.
num_space_uncommitted: 0.
num_chunks_returned_to_freelist: 6.
num_chunks_taken_from_freelist: 2687.
num_chunk_merges: 6.
num_chunk_splits: 1984.
num_chunks_enlarged: 1599.
num_inconsistent_stats: 0.

CodeHeap 'non-profiled nmethods': size=120000Kb used=3054Kb max_used=3054Kb free=116945Kb
 bounds [0x000002b0acf40000, 0x000002b0ad240000, 0x000002b0b4470000]
CodeHeap 'profiled nmethods': size=120000Kb used=9982Kb max_used=9982Kb free=110017Kb
 bounds [0x000002b0a5470000, 0x000002b0a5e30000, 0x000002b0ac9a0000]
CodeHeap 'non-nmethods': size=5760Kb used=1301Kb max_used=1358Kb free=4458Kb
 bounds [0x000002b0ac9a0000, 0x000002b0acc10000, 0x000002b0acf40000]
 total_blobs=5350 nmethods=4720 adapters=543
 compilation: enabled
              stopped_count=0, restarted_count=0
 full_count=0

Compilation events (20 events):
Event: 73.627 Thread 0x000002b0b8e1ba20 4737       2       org.springframework.core.BridgeMethodResolver$$Lambda$1112/0x000002b0ba44ae88::<init> (10 bytes)
Event: 73.627 Thread 0x000002b0b8e1ba20 nmethod 4737 0x000002b0a5e2bc90 code [0x000002b0a5e2be20, 0x000002b0a5e2bf78]
Event: 73.627 Thread 0x000002b0b8e1ba20 4738       2       org.springframework.core.BridgeMethodResolver$$Lambda$1113/0x000002b0ba44b0b8::<init> (10 bytes)
Event: 73.628 Thread 0x000002b0b8e1ba20 nmethod 4738 0x000002b0a5e2c010 code [0x000002b0a5e2c1a0, 0x000002b0a5e2c2f8]
Event: 73.629 Thread 0x000002b0b8e1ba20 4739       2       sun.reflect.generics.parser.SignatureParser::parseZeroOrMoreFormalTypeParameters (19 bytes)
Event: 73.629 Thread 0x000002b0b8e1ba20 nmethod 4739 0x000002b0a5e2c390 code [0x000002b0a5e2c540, 0x000002b0a5e2c758]
Event: 73.635 Thread 0x000002b0b8e1ba20 4741       2       sun.reflect.generics.reflectiveObjects.WildcardTypeImpl::hashCode (20 bytes)
Event: 73.638 Thread 0x000002b0b8e1ba20 nmethod 4741 0x000002b0a5e2c810 code [0x000002b0a5e2ca20, 0x000002b0a5e2cf18]
Event: 73.638 Thread 0x000002b0b8e1ba20 4742       2       sun.reflect.generics.repository.AbstractRepository::<init> (19 bytes)
Event: 73.639 Thread 0x000002b0b8e1ba20 nmethod 4742 0x000002b0a5e2d110 code [0x000002b0a5e2d2c0, 0x000002b0a5e2d4c8]
Event: 73.654 Thread 0x000002b0b8e1ba20 4743       2       org.springframework.core.ResolvableType::forMethodParameter (9 bytes)
Event: 73.655 Thread 0x000002b0b8e1ba20 nmethod 4743 0x000002b0a5e2d590 code [0x000002b0a5e2d740, 0x000002b0a5e2d918]
Event: 73.655 Thread 0x000002b0b8e1ba20 4744       2       org.springframework.core.ResolvableType::forMethodParameter (17 bytes)
Event: 73.656 Thread 0x000002b0b8e1ba20 nmethod 4744 0x000002b0a5e2da90 code [0x000002b0a5e2dc40, 0x000002b0a5e2de18]
Event: 73.714 Thread 0x000002b0b8e1ba20 4745       2       org.springframework.util.ReflectionUtils::makeAccessible (36 bytes)
Event: 73.715 Thread 0x000002b0b8e1ba20 nmethod 4745 0x000002b0a5e2df90 code [0x000002b0a5e2e140, 0x000002b0a5e2e348]
Event: 73.756 Thread 0x000002b0b8e1ba20 4746       2       org.springframework.beans.factory.config.BeanPostProcessor::postProcessBeforeInitialization (2 bytes)
Event: 73.757 Thread 0x000002b0b8e1ba20 nmethod 4746 0x000002b0a5e2e510 code [0x000002b0a5e2e6a0, 0x000002b0a5e2e7b8]
Event: 74.024 Thread 0x000002b0b8e1ba20 4747       2       org.springframework.core.convert.support.GenericConversionService::addConverter (84 bytes)
Event: 74.026 Thread 0x000002b0b8e1ba20 nmethod 4747 0x000002b0a5e2e890 code [0x000002b0a5e2eaa0, 0x000002b0a5e2ef78]

GC Heap History (20 events):
Event: 23.899 GC heap before
{Heap before GC invocations=3 (full 0):
 garbage-first heap   total 65536K, used 41648K [0x00000000c1800000, 0x0000000100000000)
  region size 1024K, 32 young (32768K), 2 survivors (2048K)
 Metaspace       used 15679K, committed 16000K, reserved 1114112K
  class space    used 2107K, committed 2240K, reserved 1048576K
}
Event: 23.917 GC heap after
{Heap after GC invocations=4 (full 0):
 garbage-first heap   total 65536K, used 13273K [0x00000000c1800000, 0x0000000100000000)
  region size 1024K, 4 young (4096K), 4 survivors (4096K)
 Metaspace       used 15679K, committed 16000K, reserved 1114112K
  class space    used 2107K, committed 2240K, reserved 1048576K
}
Event: 28.859 GC heap before
{Heap before GC invocations=4 (full 0):
 garbage-first heap   total 65536K, used 41945K [0x00000000c1800000, 0x0000000100000000)
  region size 1024K, 33 young (33792K), 4 survivors (4096K)
 Metaspace       used 21230K, committed 21504K, reserved 1114112K
  class space    used 2872K, committed 3008K, reserved 1048576K
}
Event: 28.880 GC heap after
{Heap after GC invocations=5 (full 0):
 garbage-first heap   total 65536K, used 15247K [0x00000000c1800000, 0x0000000100000000)
  region size 1024K, 5 young (5120K), 5 survivors (5120K)
 Metaspace       used 21230K, committed 21504K, reserved 1114112K
  class space    used 2872K, committed 3008K, reserved 1048576K
}
Event: 34.077 GC heap before
{Heap before GC invocations=6 (full 0):
 garbage-first heap   total 58368K, used 43919K [0x00000000c1800000, 0x0000000100000000)
  region size 1024K, 34 young (34816K), 5 survivors (5120K)
 Metaspace       used 26342K, committed 26688K, reserved 1114112K
  class space    used 3527K, committed 3712K, reserved 1048576K
}
Event: 34.104 GC heap after
{Heap after GC invocations=7 (full 0):
 garbage-first heap   total 58368K, used 17627K [0x00000000c1800000, 0x0000000100000000)
  region size 1024K, 5 young (5120K), 5 survivors (5120K)
 Metaspace       used 26342K, committed 26688K, reserved 1114112K
  class space    used 3527K, committed 3712K, reserved 1048576K
}
Event: 40.162 GC heap before
{Heap before GC invocations=7 (full 0):
 garbage-first heap   total 58368K, used 39131K [0x00000000c1800000, 0x0000000100000000)
  region size 1024K, 27 young (27648K), 5 survivors (5120K)
 Metaspace       used 29464K, committed 29888K, reserved 1114112K
  class space    used 3937K, committed 4160K, reserved 1048576K
}
Event: 40.194 GC heap after
{Heap after GC invocations=8 (full 0):
 garbage-first heap   total 58368K, used 19014K [0x00000000c1800000, 0x0000000100000000)
  region size 1024K, 2 young (2048K), 2 survivors (2048K)
 Metaspace       used 29464K, committed 29888K, reserved 1114112K
  class space    used 3937K, committed 4160K, reserved 1048576K
}
Event: 46.898 GC heap before
{Heap before GC invocations=8 (full 0):
 garbage-first heap   total 58368K, used 42566K [0x00000000c1800000, 0x0000000100000000)
  region size 1024K, 25 young (25600K), 2 survivors (2048K)
 Metaspace       used 33166K, committed 33600K, reserved 1114112K
  class space    used 4458K, committed 4672K, reserved 1048576K
}
Event: 46.919 GC heap after
{Heap after GC invocations=9 (full 0):
 garbage-first heap   total 58368K, used 21068K [0x00000000c1800000, 0x0000000100000000)
  region size 1024K, 4 young (4096K), 4 survivors (4096K)
 Metaspace       used 33166K, committed 33600K, reserved 1114112K
  class space    used 4458K, committed 4672K, reserved 1048576K
}
Event: 50.501 GC heap before
{Heap before GC invocations=9 (full 0):
 garbage-first heap   total 58368K, used 32332K [0x00000000c1800000, 0x0000000100000000)
  region size 1024K, 16 young (16384K), 4 survivors (4096K)
 Metaspace       used 35803K, committed 36160K, reserved 1114112K
  class space    used 4866K, committed 5056K, reserved 1048576K
}
Event: 50.524 GC heap after
{Heap after GC invocations=10 (full 0):
 garbage-first heap   total 58368K, used 21686K [0x00000000c1800000, 0x0000000100000000)
  region size 1024K, 1 young (1024K), 1 survivors (1024K)
 Metaspace       used 35803K, committed 36160K, reserved 1114112K
  class space    used 4866K, committed 5056K, reserved 1048576K
}
Event: 57.834 GC heap before
{Heap before GC invocations=11 (full 0):
 garbage-first heap   total 58368K, used 43190K [0x00000000c1800000, 0x0000000100000000)
  region size 1024K, 23 young (23552K), 1 survivors (1024K)
 Metaspace       used 41295K, committed 41728K, reserved 1114112K
  class space    used 5682K, committed 5888K, reserved 1048576K
}
Event: 57.846 GC heap after
{Heap after GC invocations=12 (full 0):
 garbage-first heap   total 58368K, used 22542K [0x00000000c1800000, 0x0000000100000000)
  region size 1024K, 2 young (2048K), 2 survivors (2048K)
 Metaspace       used 41295K, committed 41728K, reserved 1114112K
  class space    used 5682K, committed 5888K, reserved 1048576K
}
Event: 62.779 GC heap before
{Heap before GC invocations=12 (full 0):
 garbage-first heap   total 58368K, used 44046K [0x00000000c1800000, 0x0000000100000000)
  region size 1024K, 24 young (24576K), 2 survivors (2048K)
 Metaspace       used 45912K, committed 46400K, reserved 1114112K
  class space    used 6270K, committed 6528K, reserved 1048576K
}
Event: 62.795 GC heap after
{Heap after GC invocations=13 (full 0):
 garbage-first heap   total 58368K, used 23831K [0x00000000c1800000, 0x0000000100000000)
  region size 1024K, 3 young (3072K), 3 survivors (3072K)
 Metaspace       used 45912K, committed 46400K, reserved 1114112K
  class space    used 6270K, committed 6528K, reserved 1048576K
}
Event: 67.079 GC heap before
{Heap before GC invocations=13 (full 0):
 garbage-first heap   total 58368K, used 44311K [0x00000000c1800000, 0x0000000100000000)
  region size 1024K, 24 young (24576K), 3 survivors (3072K)
 Metaspace       used 51415K, committed 51904K, reserved 1114112K
  class space    used 7110K, committed 7360K, reserved 1048576K
}
Event: 67.096 GC heap after
{Heap after GC invocations=14 (full 0):
 garbage-first heap   total 58368K, used 24817K [0x00000000c1800000, 0x0000000100000000)
  region size 1024K, 3 young (3072K), 3 survivors (3072K)
 Metaspace       used 51415K, committed 51904K, reserved 1114112K
  class space    used 7110K, committed 7360K, reserved 1048576K
}
Event: 71.253 GC heap before
{Heap before GC invocations=14 (full 0):
 garbage-first heap   total 58368K, used 45297K [0x00000000c1800000, 0x0000000100000000)
  region size 1024K, 23 young (23552K), 3 survivors (3072K)
 Metaspace       used 55986K, committed 56448K, reserved 1114112K
  class space    used 7889K, committed 8128K, reserved 1048576K
}
Event: 71.267 GC heap after
{Heap after GC invocations=15 (full 0):
 garbage-first heap   total 58368K, used 25536K [0x00000000c1800000, 0x0000000100000000)
  region size 1024K, 2 young (2048K), 2 survivors (2048K)
 Metaspace       used 55986K, committed 56448K, reserved 1114112K
  class space    used 7889K, committed 8128K, reserved 1048576K
}

Dll operation events (11 events):
Event: 0.124 Loaded shared library C:\Users\user\.jdks\corretto-17.0.13\bin\java.dll
Event: 0.523 Loaded shared library C:\Users\user\.jdks\corretto-17.0.13\bin\jsvml.dll
Event: 1.238 Loaded shared library C:\Users\user\.jdks\corretto-17.0.13\bin\net.dll
Event: 1.252 Loaded shared library C:\Users\user\.jdks\corretto-17.0.13\bin\nio.dll
Event: 1.324 Loaded shared library C:\Users\user\.jdks\corretto-17.0.13\bin\zip.dll
Event: 3.145 Loaded shared library C:\Users\user\.jdks\corretto-17.0.13\bin\management.dll
Event: 3.206 Loaded shared library C:\Users\user\.jdks\corretto-17.0.13\bin\management_ext.dll
Event: 3.425 Loaded shared library C:\Users\user\.jdks\corretto-17.0.13\bin\jimage.dll
Event: 33.648 Loaded shared library C:\Users\user\.jdks\corretto-17.0.13\bin\sunmscapi.dll
Event: 50.977 Loaded shared library C:\Users\user\.jdks\corretto-17.0.13\bin\verify.dll
Event: 55.314 Loaded shared library C:\Users\user\.jdks\corretto-17.0.13\bin\extnet.dll

Deoptimization events (20 events):
Event: 71.935 Thread 0x000002b09d92dad0 Uncommon trap: trap_request=0xffffffde fr.pc=0x000002b0ad10909c relative=0x000000000000515c
Event: 71.935 Thread 0x000002b09d92dad0 Uncommon trap: reason=class_check action=maybe_recompile pc=0x000002b0ad10909c method=org.springframework.core.ResolvableType.resolveType()Lorg/springframework/core/ResolvableType; @ 94 c2
Event: 71.935 Thread 0x000002b09d92dad0 DEOPT PACKING pc=0x000002b0ad10909c sp=0x000000b8cc7f8d40
Event: 71.935 Thread 0x000002b09d92dad0 DEOPT UNPACKING pc=0x000002b0ac9f699d sp=0x000000b8cc7f8d58 mode 2
Event: 71.966 Thread 0x000002b09d92dad0 Uncommon trap: trap_request=0xffffff45 fr.pc=0x000002b0ad21c858 relative=0x00000000000001b8
Event: 71.966 Thread 0x000002b09d92dad0 Uncommon trap: reason=unstable_if action=reinterpret pc=0x000002b0ad21c858 method=java.util.ArrayDeque.addLast(Ljava/lang/Object;)V @ 42 c2
Event: 71.966 Thread 0x000002b09d92dad0 DEOPT PACKING pc=0x000002b0ad21c858 sp=0x000000b8cc7f9ab0
Event: 71.966 Thread 0x000002b09d92dad0 DEOPT UNPACKING pc=0x000002b0ac9f699d sp=0x000000b8cc7f9a08 mode 2
Event: 72.231 Thread 0x000002b09d92dad0 Uncommon trap: trap_request=0xffffff45 fr.pc=0x000002b0ad1eb518 relative=0x0000000000001e38
Event: 72.231 Thread 0x000002b09d92dad0 Uncommon trap: reason=unstable_if action=reinterpret pc=0x000002b0ad1eb518 method=java.lang.PublicMethods$MethodList.merge(Ljava/lang/PublicMethods$MethodList;Ljava/lang/reflect/Method;)Ljava/lang/PublicMethods$MethodList; @ 62 c2
Event: 72.231 Thread 0x000002b09d92dad0 DEOPT PACKING pc=0x000002b0ad1eb518 sp=0x000000b8cc7f7fe0
Event: 72.231 Thread 0x000002b09d92dad0 DEOPT UNPACKING pc=0x000002b0ac9f699d sp=0x000000b8cc7f7ec0 mode 2
Event: 73.624 Thread 0x000002b09d92dad0 Uncommon trap: trap_request=0xffffffde fr.pc=0x000002b0ad10909c relative=0x000000000000515c
Event: 73.624 Thread 0x000002b09d92dad0 Uncommon trap: reason=class_check action=maybe_recompile pc=0x000002b0ad10909c method=org.springframework.core.ResolvableType.resolveType()Lorg/springframework/core/ResolvableType; @ 94 c2
Event: 73.624 Thread 0x000002b09d92dad0 DEOPT PACKING pc=0x000002b0ad10909c sp=0x000000b8cc7f8fa0
Event: 73.624 Thread 0x000002b09d92dad0 DEOPT UNPACKING pc=0x000002b0ac9f699d sp=0x000000b8cc7f8fb8 mode 2
Event: 73.627 Thread 0x000002b09d92dad0 Uncommon trap: trap_request=0xffffffde fr.pc=0x000002b0ad10909c relative=0x000000000000515c
Event: 73.627 Thread 0x000002b09d92dad0 Uncommon trap: reason=class_check action=maybe_recompile pc=0x000002b0ad10909c method=org.springframework.core.ResolvableType.resolveType()Lorg/springframework/core/ResolvableType; @ 94 c2
Event: 73.627 Thread 0x000002b09d92dad0 DEOPT PACKING pc=0x000002b0ad10909c sp=0x000000b8cc7f8fa0
Event: 73.627 Thread 0x000002b09d92dad0 DEOPT UNPACKING pc=0x000002b0ac9f699d sp=0x000000b8cc7f8fb8 mode 2

Classes loaded (20 events):
Event: 63.285 Loading class java/util/WeakHashMap$EntrySet
Event: 63.285 Loading class java/util/WeakHashMap$EntrySet done
Event: 63.286 Loading class java/util/WeakHashMap$EntryIterator
Event: 63.287 Loading class java/util/WeakHashMap$HashIterator
Event: 63.288 Loading class java/util/WeakHashMap$HashIterator done
Event: 63.288 Loading class java/util/WeakHashMap$EntryIterator done
Event: 63.499 Loading class sun/reflect/annotation/TypeAnnotation$TypeAnnotationTargetInfo
Event: 63.499 Loading class sun/reflect/annotation/TypeAnnotation$TypeAnnotationTargetInfo done
Event: 67.886 Loading class java/util/AbstractList$SubList
Event: 67.886 Loading class java/util/AbstractList$SubList done
Event: 69.095 Loading class jdk/internal/reflect/UnsafeObjectFieldAccessorImpl
Event: 69.095 Loading class jdk/internal/reflect/UnsafeObjectFieldAccessorImpl done
Event: 70.713 Loading class jdk/internal/access/foreign/MemorySegmentProxy
Event: 70.714 Loading class jdk/internal/access/foreign/MemorySegmentProxy done
Event: 71.641 Loading class javax/naming/Reference
Event: 71.642 Loading class javax/naming/Reference done
Event: 71.870 Loading class java/lang/SafeVarargs
Event: 71.870 Loading class java/lang/SafeVarargs done
Event: 71.902 Loading class sun/reflect/generics/reflectiveObjects/GenericArrayTypeImpl
Event: 71.903 Loading class sun/reflect/generics/reflectiveObjects/GenericArrayTypeImpl done

Classes unloaded (0 events):
No events

Classes redefined (0 events):
No events

Internal exceptions (20 events):
Event: 60.692 Thread 0x000002b09d92dad0 Exception <a 'java/lang/NoSuchMethodError'{0x00000000c4500e10}: 'java.lang.Object java.lang.invoke.Invokers$Holder.linkToTargetMethod(java.lang.Object, java.lang.Object, int, java.lang.Object)'> (0x00000000c4500e10) 
thrown [s\src\hotspot\share\interpreter\linkResolver.cpp, line 759]
Event: 64.158 Thread 0x000002b09d92dad0 Exception <a 'java/lang/IncompatibleClassChangeError'{0x00000000c4a86fc0}: Found class java.lang.Object, but interface was expected> (0x00000000c4a86fc0) 
thrown [s\src\hotspot\share\interpreter\linkResolver.cpp, line 826]
Event: 64.324 Thread 0x000002b09d92dad0 Exception <a 'java/lang/NoSuchMethodError'{0x00000000c49c1658}: 'java.lang.Object java.lang.invoke.DirectMethodHandle$Holder.invokeStatic(java.lang.Object, java.lang.Object, int, java.lang.Object)'> (0x00000000c49c1658) 
thrown [s\src\hotspot\share\interpreter\linkResolver.cpp, line 759]
Event: 64.325 Thread 0x000002b09d92dad0 Exception <a 'java/lang/NoSuchMethodError'{0x00000000c49c58a0}: 'java.lang.Object java.lang.invoke.DirectMethodHandle$Holder.invokeStaticInit(java.lang.Object, java.lang.Object, int, java.lang.Object)'> (0x00000000c49c58a0) 
thrown [s\src\hotspot\share\interpreter\linkResolver.cpp, line 759]
Event: 69.193 Thread 0x000002b09d92dad0 Exception <a 'java/lang/NoSuchMethodError'{0x00000000c467b8f8}: 'void java.lang.invoke.DirectMethodHandle$Holder.invokeStatic(java.lang.Object, java.lang.Object, java.lang.Object, int, java.lang.Object)'> (0x00000000c467b8f8) 
thrown [s\src\hotspot\share\interpreter\linkResolver.cpp, line 759]
Event: 69.202 Thread 0x000002b09d92dad0 Exception <a 'java/lang/NoSuchMethodError'{0x00000000c468ac18}: 'void java.lang.invoke.DirectMethodHandle$Holder.invokeInterface(java.lang.Object, java.lang.Object, int, java.lang.Object)'> (0x00000000c468ac18) 
thrown [s\src\hotspot\share\interpreter\linkResolver.cpp, line 759]
Event: 69.235 Thread 0x000002b09d92dad0 Exception <a 'java/lang/NoSuchMethodError'{0x00000000c46b8528}: 'java.lang.Object java.lang.invoke.DirectMethodHandle$Holder.newInvokeSpecial(java.lang.Object, java.lang.Object, int, java.lang.Object)'> (0x00000000c46b8528) 
thrown [s\src\hotspot\share\interpreter\linkResolver.cpp, line 759]
Event: 69.624 Thread 0x000002b09d92dad0 Exception <a 'java/lang/NoSuchMethodError'{0x00000000c44045d8}: 'void java.lang.invoke.DirectMethodHandle$Holder.invokeSpecial(java.lang.Object, java.lang.Object, int, java.lang.Object)'> (0x00000000c44045d8) 
thrown [s\src\hotspot\share\interpreter\linkResolver.cpp, line 759]
Event: 69.627 Thread 0x000002b09d92dad0 Exception <a 'java/lang/NoSuchMethodError'{0x00000000c440bac0}: 'java.lang.Object java.lang.invoke.DirectMethodHandle$Holder.newInvokeSpecial(java.lang.Object, java.lang.Object, int)'> (0x00000000c440bac0) 
thrown [s\src\hotspot\share\interpreter\linkResolver.cpp, line 759]
Event: 69.946 Thread 0x000002b09d92dad0 Exception <a 'java/lang/NoSuchMethodError'{0x00000000c439c420}: 'int java.lang.invoke.DirectMethodHandle$Holder.invokeStatic(java.lang.Object, int, java.lang.Object)'> (0x00000000c439c420) 
thrown [s\src\hotspot\share\interpreter\linkResolver.cpp, line 759]
Event: 70.033 Thread 0x000002b09d92dad0 Exception <a 'java/lang/NoSuchMethodError'{0x00000000c43cd700}: 'java.lang.Object java.lang.invoke.DirectMethodHandle$Holder.newInvokeSpecial(java.lang.Object, java.lang.Object, java.lang.Object, java.lang.Object, java.lang.Object, int, java.lang.Object)'> (0x00000000c43cd700) 
thrown [s\src\hotspot\share\interpreter\linkResolver.cpp, line 759]
Event: 70.156 Thread 0x000002b09d92dad0 Exception <a 'java/lang/NoSuchMethodError'{0x00000000c4218168}: 'java.lang.Object java.lang.invoke.DirectMethodHandle$Holder.newInvokeSpecial(java.lang.Object, java.lang.Object, java.lang.Object, java.lang.Object, java.lang.Object, java.lang.Object, java.lang.Object, java.lang.Object, java.lang.Object, java.lang.Object, java.lang.Object, java.lang.Object)'> (0x00000000c4218168) 
thrown [s\src\hotspot\share\interpreter\linkResolver.cpp, line 759]
Event: 70.229 Thread 0x000002b09d92dad0 Exception <a 'java/lang/NoSuchMethodError'{0x00000000c421d858}: 'java.lang.Object java.lang.invoke.DirectMethodHandle$Holder.invokeSpecial(java.lang.Object, java.lang.Object, java.lang.Object, java.lang.Object, java.lang.Object, java.lang.Object, java.lang.Object, java.lang.Object, java.lang.Object, java.lang.Object, java.lang.Object, java.lang.Object, java.lang.Object)'> (0x00000000c421d858) 
thrown [s\src\hotspot\share\interpreter\linkResolver.cpp, line 759]
Event: 70.233 Thread 0x000002b09d92dad0 Exception <a 'java/lang/NoSuchMethodError'{0x00000000c4222ae0}: 'java.lang.Object java.lang.invoke.Invokers$Holder.linkToTargetMethod(java.lang.Object, java.lang.Object, java.lang.Object, java.lang.Object, java.lang.Object, java.lang.Object, java.lang.Object, java.lang.Object, java.lang.Object, java.lang.Object, java.lang.Object, java.lang.Object)'> (0x00000000c4222ae0) 
thrown [s\src\hotspot\share\interpreter\linkResolver.cpp, line 759]
Event: 70.606 Thread 0x000002b09d92dad0 Exception <a 'java/lang/IncompatibleClassChangeError'{0x00000000c41e92e8}: Found class java.lang.Object, but interface was expected> (0x00000000c41e92e8) 
thrown [s\src\hotspot\share\interpreter\linkResolver.cpp, line 826]
Event: 70.673 Thread 0x000002b09d92dad0 Exception <a 'java/lang/NoSuchMethodError'{0x00000000c407c530}: 'java.lang.Object java.lang.invoke.DirectMethodHandle$Holder.newInvokeSpecial(java.lang.Object, java.lang.Object, java.lang.Object, java.lang.Object, java.lang.Object, java.lang.Object, java.lang.Object, int)'> (0x00000000c407c530) 
thrown [s\src\hotspot\share\interpreter\linkResolver.cpp, line 759]
Event: 70.675 Thread 0x000002b09d92dad0 Exception <a 'java/lang/NoSuchMethodError'{0x00000000c4081cd8}: 'java.lang.Object java.lang.invoke.DirectMethodHandle$Holder.invokeSpecial(java.lang.Object, java.lang.Object, java.lang.Object, java.lang.Object, java.lang.Object, java.lang.Object, java.lang.Object, java.lang.Object, int)'> (0x00000000c4081cd8) 
thrown [s\src\hotspot\share\interpreter\linkResolver.cpp, line 759]
Event: 70.676 Thread 0x000002b09d92dad0 Exception <a 'java/lang/NoSuchMethodError'{0x00000000c4086f50}: 'java.lang.Object java.lang.invoke.Invokers$Holder.linkToTargetMethod(java.lang.Object, java.lang.Object, java.lang.Object, java.lang.Object, java.lang.Object, java.lang.Object, int, java.lang.Object)'> (0x00000000c4086f50) 
thrown [s\src\hotspot\share\interpreter\linkResolver.cpp, line 759]
Event: 72.820 Thread 0x000002b09d92dad0 Exception <a 'java/lang/IncompatibleClassChangeError'{0x00000000c4917350}: Found class java.lang.Object, but interface was expected> (0x00000000c4917350) 
thrown [s\src\hotspot\share\interpreter\linkResolver.cpp, line 826]
Event: 73.926 Thread 0x000002b09d92dad0 Exception <a 'java/lang/IncompatibleClassChangeError'{0x00000000c48f7ab0}: Found class java.lang.Object, but interface was expected> (0x00000000c48f7ab0) 
thrown [s\src\hotspot\share\interpreter\linkResolver.cpp, line 826]

VM Operations (20 events):
Event: 66.835 Executing VM operation: Cleanup
Event: 66.836 Executing VM operation: Cleanup done
Event: 67.079 Executing VM operation: G1CollectForAllocation
Event: 67.096 Executing VM operation: G1CollectForAllocation done
Event: 67.138 Executing VM operation: HandshakeAllThreads
Event: 67.138 Executing VM operation: HandshakeAllThreads done
Event: 67.400 Executing VM operation: HandshakeAllThreads
Event: 67.400 Executing VM operation: HandshakeAllThreads done
Event: 68.410 Executing VM operation: Cleanup
Event: 68.410 Executing VM operation: Cleanup done
Event: 69.416 Executing VM operation: Cleanup
Event: 69.417 Executing VM operation: Cleanup done
Event: 70.426 Executing VM operation: Cleanup
Event: 70.426 Executing VM operation: Cleanup done
Event: 71.253 Executing VM operation: G1CollectForAllocation
Event: 71.267 Executing VM operation: G1CollectForAllocation done
Event: 72.276 Executing VM operation: Cleanup
Event: 72.277 Executing VM operation: Cleanup done
Event: 73.296 Executing VM operation: Cleanup
Event: 73.296 Executing VM operation: Cleanup done

Memory protections (0 events):
No events

Nmethod flushes (0 events):
No events

Events (20 events):
Event: 0.582 Thread 0x000002b09d92dad0 Thread added: 0x000002b09d9ebef0
Event: 0.760 Thread 0x000002b09d92dad0 Thread added: 0x000002b0b8e13350
Event: 0.760 Thread 0x000002b09d92dad0 Thread added: 0x000002b0b8e13e20
Event: 0.761 Thread 0x000002b09d92dad0 Thread added: 0x000002b0b8e167f0
Event: 0.761 Thread 0x000002b09d92dad0 Thread added: 0x000002b0b8e171b0
Event: 0.762 Thread 0x000002b09d92dad0 Thread added: 0x000002b0b8e19f60
Event: 0.837 Thread 0x000002b09d92dad0 Thread added: 0x000002b0b8e1ba20
Event: 0.880 Thread 0x000002b09d92dad0 Thread added: 0x000002b0b8e8ae40
Event: 1.184 Thread 0x000002b09d92dad0 Thread added: 0x000002b0fe1a8b50
Event: 1.198 Thread 0x000002b09d92dad0 Thread added: 0x000002b0fe1a96e0
Event: 4.668 Thread 0x000002b09d92dad0 Thread added: 0x000002b0fe3c71d0
Event: 4.764 Thread 0x000002b09d92dad0 Thread added: 0x000002b0fe3f9160
Event: 23.092 Thread 0x000002b09d92dad0 Thread added: 0x000002b0ff739d40
Event: 27.621 Thread 0x000002b09d92dad0 Thread added: 0x000002b08020e820
Event: 28.571 Thread 0x000002b08020e820 Thread exited: 0x000002b08020e820
Event: 33.742 Thread 0x000002b0ff739d40 Thread exited: 0x000002b0ff739d40
Event: 57.720 Thread 0x000002b09d92dad0 Thread added: 0x000002b0807d19f0
Event: 57.923 Thread 0x000002b09d92dad0 Thread added: 0x000002b0806496d0
Event: 58.089 Thread 0x000002b0806496d0 Thread added: 0x000002b0ff0ae830
Event: 70.001 Thread 0x000002b0ff0ae830 Thread exited: 0x000002b0ff0ae830


Dynamic libraries:
0x00007ff705400000 - 0x00007ff70540e000 	C:\Users\user\.jdks\corretto-17.0.13\bin\java.exe
0x00007ffb73910000 - 0x00007ffb73b08000 	C:\WINDOWS\SYSTEM32\ntdll.dll
0x00007ffb728c0000 - 0x00007ffb72982000 	C:\WINDOWS\System32\KERNEL32.DLL
0x00007ffb70fd0000 - 0x00007ffb712c6000 	C:\WINDOWS\System32\KERNELBASE.dll
0x00007ffb713d0000 - 0x00007ffb714d0000 	C:\WINDOWS\System32\ucrtbase.dll
0x00007ffb68fb0000 - 0x00007ffb68fc7000 	C:\Users\user\.jdks\corretto-17.0.13\bin\jli.dll
0x00007ffb735c0000 - 0x00007ffb73761000 	C:\WINDOWS\System32\USER32.dll
0x00007ffb71860000 - 0x00007ffb71882000 	C:\WINDOWS\System32\win32u.dll
0x00007ffb73800000 - 0x00007ffb7382b000 	C:\WINDOWS\System32\GDI32.dll
0x00007ffb6a960000 - 0x00007ffb6a97b000 	C:\Users\user\.jdks\corretto-17.0.13\bin\VCRUNTIME140.dll
0x00007ffb71630000 - 0x00007ffb71749000 	C:\WINDOWS\System32\gdi32full.dll
0x00007ffb5e9f0000 - 0x00007ffb5ec8b000 	C:\WINDOWS\WinSxS\amd64_microsoft.windows.common-controls_6595b64144ccf1df_6.0.19041.6456_none_60b8a6cb71f64256\COMCTL32.dll
0x00007ffb727a0000 - 0x00007ffb7283e000 	C:\WINDOWS\System32\msvcrt.dll
0x00007ffb71890000 - 0x00007ffb7192d000 	C:\WINDOWS\System32\msvcp_win.dll
0x00007ffb73570000 - 0x00007ffb7359f000 	C:\WINDOWS\System32\IMM32.DLL
0x00007ffb6cf70000 - 0x00007ffb6cf7c000 	C:\Users\user\.jdks\corretto-17.0.13\bin\vcruntime140_1.dll
0x00007ffb4cc00000 - 0x00007ffb4cc8d000 	C:\Users\user\.jdks\corretto-17.0.13\bin\msvcp140.dll
0x00007ffb2c080000 - 0x00007ffb2ccec000 	C:\Users\user\.jdks\corretto-17.0.13\bin\server\jvm.dll
0x00007ffb729b0000 - 0x00007ffb72a61000 	C:\WINDOWS\System32\ADVAPI32.dll
0x00007ffb73830000 - 0x00007ffb738cf000 	C:\WINDOWS\System32\sechost.dll
0x00007ffb72ad0000 - 0x00007ffb72bf0000 	C:\WINDOWS\System32\RPCRT4.dll
0x00007ffb70fa0000 - 0x00007ffb70fc7000 	C:\WINDOWS\System32\bcrypt.dll
0x00007ffb72010000 - 0x00007ffb7207b000 	C:\WINDOWS\System32\WS2_32.dll
0x00007ffb70e00000 - 0x00007ffb70e4b000 	C:\WINDOWS\SYSTEM32\POWRPROF.dll
0x00007ffb5f660000 - 0x00007ffb5f687000 	C:\WINDOWS\SYSTEM32\WINMM.dll
0x00007ffb5f6b0000 - 0x00007ffb5f6ba000 	C:\WINDOWS\SYSTEM32\VERSION.dll
0x00007ffb70de0000 - 0x00007ffb70df2000 	C:\WINDOWS\SYSTEM32\UMPDC.dll
0x00007ffb6f770000 - 0x00007ffb6f782000 	C:\WINDOWS\SYSTEM32\kernel.appcore.dll
0x00007ffb6b520000 - 0x00007ffb6b52a000 	C:\Users\user\.jdks\corretto-17.0.13\bin\jimage.dll
0x00007ffb6ec70000 - 0x00007ffb6ee71000 	C:\WINDOWS\SYSTEM32\DBGHELP.DLL
0x00007ffb5e270000 - 0x00007ffb5e2a4000 	C:\WINDOWS\SYSTEM32\dbgcore.DLL
0x00007ffb717d0000 - 0x00007ffb71852000 	C:\WINDOWS\System32\bcryptPrimitives.dll
0x00007ffb68f70000 - 0x00007ffb68f95000 	C:\Users\user\.jdks\corretto-17.0.13\bin\java.dll
0x00007ffb46300000 - 0x00007ffb463d7000 	C:\Users\user\.jdks\corretto-17.0.13\bin\jsvml.dll
0x00007ffb72c50000 - 0x00007ffb733c0000 	C:\WINDOWS\System32\SHELL32.dll
0x00007ffb6ee80000 - 0x00007ffb6f625000 	C:\WINDOWS\SYSTEM32\windows.storage.dll
0x00007ffb71bf0000 - 0x00007ffb71f44000 	C:\WINDOWS\System32\combase.dll
0x00007ffb70810000 - 0x00007ffb7083b000 	C:\WINDOWS\SYSTEM32\Wldp.dll
0x00007ffb734a0000 - 0x00007ffb7356d000 	C:\WINDOWS\System32\OLEAUT32.dll
0x00007ffb71990000 - 0x00007ffb71a3d000 	C:\WINDOWS\System32\SHCORE.dll
0x00007ffb72bf0000 - 0x00007ffb72c4b000 	C:\WINDOWS\System32\shlwapi.dll
0x00007ffb70ed0000 - 0x00007ffb70ef4000 	C:\WINDOWS\SYSTEM32\profapi.dll
0x00007ffb62090000 - 0x00007ffb620a9000 	C:\Users\user\.jdks\corretto-17.0.13\bin\net.dll
0x00007ffb64900000 - 0x00007ffb64a0a000 	C:\WINDOWS\SYSTEM32\WINHTTP.dll
0x00007ffb705f0000 - 0x00007ffb7065a000 	C:\WINDOWS\system32\mswsock.dll
0x00007ffb61320000 - 0x00007ffb61336000 	C:\Users\user\.jdks\corretto-17.0.13\bin\nio.dll
0x00007ffb61300000 - 0x00007ffb61318000 	C:\Users\user\.jdks\corretto-17.0.13\bin\zip.dll
0x00007ffb69060000 - 0x00007ffb69069000 	C:\Users\user\.jdks\corretto-17.0.13\bin\management.dll
0x00007ffb61930000 - 0x00007ffb6193b000 	C:\Users\user\.jdks\corretto-17.0.13\bin\management_ext.dll
0x00007ffb729a0000 - 0x00007ffb729a8000 	C:\WINDOWS\System32\PSAPI.DLL
0x00007ffb60e70000 - 0x00007ffb60e7e000 	C:\Users\user\.jdks\corretto-17.0.13\bin\sunmscapi.dll
0x00007ffb714d0000 - 0x00007ffb7162d000 	C:\WINDOWS\System32\CRYPT32.dll
0x00007ffb70880000 - 0x00007ffb708a7000 	C:\WINDOWS\SYSTEM32\ncrypt.dll
0x00007ffb70840000 - 0x00007ffb7087b000 	C:\WINDOWS\SYSTEM32\NTASN1.dll
0x00007ffb70b60000 - 0x00007ffb70b78000 	C:\WINDOWS\SYSTEM32\CRYPTSP.dll
0x00007ffb6ff30000 - 0x00007ffb6ff68000 	C:\WINDOWS\system32\rsaenh.dll
0x00007ffb70e90000 - 0x00007ffb70ebe000 	C:\WINDOWS\SYSTEM32\USERENV.dll
0x00007ffb70780000 - 0x00007ffb7078c000 	C:\WINDOWS\SYSTEM32\CRYPTBASE.dll
0x00007ffb702f0000 - 0x00007ffb7032b000 	C:\WINDOWS\SYSTEM32\IPHLPAPI.DLL
0x00007ffb72000000 - 0x00007ffb72008000 	C:\WINDOWS\System32\NSI.dll
0x00007ffb678f0000 - 0x00007ffb67907000 	C:\WINDOWS\SYSTEM32\dhcpcsvc6.DLL
0x00007ffb67730000 - 0x00007ffb6774d000 	C:\WINDOWS\SYSTEM32\dhcpcsvc.DLL
0x00007ffb70330000 - 0x00007ffb703fa000 	C:\WINDOWS\SYSTEM32\DNSAPI.dll
0x00007ffb56260000 - 0x00007ffb56270000 	C:\Users\user\.jdks\corretto-17.0.13\bin\verify.dll
0x00007ffb61c20000 - 0x00007ffb61c2a000 	C:\Windows\System32\rasadhlp.dll
0x00007ffb61c40000 - 0x00007ffb61cc0000 	C:\WINDOWS\System32\fwpuclnt.dll
0x00007ffb68b00000 - 0x00007ffb68b09000 	C:\Users\user\.jdks\corretto-17.0.13\bin\extnet.dll

dbghelp: loaded successfully - version: 4.0.5 - missing functions: none
symbol engine: initialized successfully - sym options: 0x614 - pdb path: .;C:\Users\user\.jdks\corretto-17.0.13\bin;C:\WINDOWS\SYSTEM32;C:\WINDOWS\WinSxS\amd64_microsoft.windows.common-controls_6595b64144ccf1df_6.0.19041.6456_none_60b8a6cb71f64256;C:\Users\user\.jdks\corretto-17.0.13\bin\server

VM Arguments:
java_command: C:\Users\user\AppData\Local\Temp\surefire15489333663685162620\surefirebooter-20251112221123323_3.jar C:\Users\user\AppData\Local\Temp\surefire15489333663685162620 2025-11-12T22-11-18_366-jvmRun1 surefire-20251112221123323_1tmp surefire_0-20251112221123323_2tmp
java_class_path (initial): C:\Users\user\AppData\Local\Temp\surefire15489333663685162620\surefirebooter-20251112221123323_3.jar
Launcher Type: SUN_STANDARD

[Global flags]
     intx CICompilerCount                          = 3                                         {product} {ergonomic}
     uint ConcGCThreads                            = 1                                         {product} {ergonomic}
     uint G1ConcRefinementThreads                  = 4                                         {product} {ergonomic}
   size_t G1HeapRegionSize                         = 1048576                                   {product} {ergonomic}
    uintx GCDrainStackTargetSize                   = 64                                        {product} {ergonomic}
   size_t InitialHeapSize                          = 67108864                                  {product} {ergonomic}
   size_t MarkStackSize                            = 4194304                                   {product} {ergonomic}
   size_t MaxHeapSize                              = 1048576000                                {product} {ergonomic}
   size_t MaxNewSize                               = 629145600                                 {product} {ergonomic}
   size_t MinHeapDeltaBytes                        = 1048576                                   {product} {ergonomic}
   size_t MinHeapSize                              = 8388608                                   {product} {ergonomic}
    uintx NonNMethodCodeHeapSize                   = 5832780                                {pd product} {ergonomic}
    uintx NonProfiledCodeHeapSize                  = 122912730                              {pd product} {ergonomic}
    uintx ProfiledCodeHeapSize                     = 122912730                              {pd product} {ergonomic}
    uintx ReservedCodeCacheSize                    = 251658240                              {pd product} {ergonomic}
     bool SegmentedCodeCache                       = true                                      {product} {ergonomic}
   size_t SoftMaxHeapSize                          = 1048576000                             {manageable} {ergonomic}
     bool UseCompressedClassPointers               = true                           {product lp64_product} {ergonomic}
     bool UseCompressedOops                        = true                           {product lp64_product} {ergonomic}
     bool UseG1GC                                  = true                                      {product} {ergonomic}
     bool UseLargePagesIndividualAllocation        = false                                  {pd product} {ergonomic}

Logging:
Log output configuration:
 #0: stdout all=warning uptime,level,tags
 #1: stderr all=off uptime,level,tags

Environment Variables:
JAVA_HOME=C:\Program Files\Java\jdk-18.0.2.1
PATH=C:\Program Files (x86)\Common Files\Oracle\Java\java8path;C:\Program Files (x86)\Common Files\Oracle\Java\javapath;C:\WINDOWS\system32;C:\WINDOWS;C:\WINDOWS\System32\Wbem;C:\WINDOWS\System32\WindowsPowerShell\v1.0\;C:\WINDOWS\System32\OpenSSH\;C:\Program Files\Git\cmd;C:\Program Files\nodejs\;C:\Program Files\Java\jre1.8.0_431\bin;C:\Program Files\Docker\Docker\resources\bin;C:\Program Files\PostgreSQL\17\bin;C:\Users\user\AppData\Local\Microsoft\WindowsApps;C:\Users\user\AppData\Local\Programs\Microsoft VS Code\bin;C:\Users\user\AppData\Roaming\npm;C:\Program Files\PostgreSQL\17\bin;
USERNAME=user
OS=Windows_NT
PROCESSOR_IDENTIFIER=Intel64 Family 6 Model 76 Stepping 3, GenuineIntel
TMP=C:\Users\user\AppData\Local\Temp
TEMP=C:\Users\user\AppData\Local\Temp



Periodic native trim disabled


---------------  S Y S T E M  ---------------

OS:
 Windows 10 , 64 bit Build 19041 (10.0.19041.5915)
OS uptime: 3 days 4:23 hours
Hyper-V role detected

CPU: total 4 (initial active 4) (4 cores per cpu, 1 threads per core) family 6 model 76 stepping 3 microcode 0x368, cx8, cmov, fxsr, mmx, 3dnowpref, sse, sse2, sse3, ssse3, sse4.1, sse4.2, popcnt, tsc, tscinvbit, aes, erms, clmul, clflush, hv
Processor Information for all 4 processors :
  Max Mhz: 1601, Current Mhz: 1601, Mhz Limit: 1601

Memory: 4k page, system-wide physical 3996M (210M free)
TotalPageFile size 16284M (AvailPageFile size 2M)
current process WorkingSet (physical memory assigned to process): 199M, peak: 202M
current process commit charge ("private bytes"): 254M, peak: 258M

vm_info: OpenJDK 64-Bit Server VM (17.0.13+11-LTS) for windows-amd64 JRE (17.0.13+11-LTS), built on Oct 10 2024 19:51:30 by "Administrator" with MS VC++ 16.10 / 16.11 (VS2019)

END.
