#
# There is insufficient memory for the Java Runtime Environment to continue.
# Native memory allocation (malloc) failed to allocate 834336 bytes. Error detail: Chunk::new
# Possible reasons:
#   The system is out of physical RAM or swap space
#   This process is running with CompressedOops enabled, and the Java Heap may be blocking the growth of the native heap
# Possible solutions:
#   Reduce memory load on the system
#   Increase physical memory or swap space
#   Check if swap backing store is full
#   Decrease Java heap size (-Xmx/-Xms)
#   Decrease number of Java threads
#   Decrease Java thread stack sizes (-Xss)
#   Set larger code cache with -XX:ReservedCodeCacheSize=
#   JVM is running with Unscaled Compressed Oops mode in which the Java heap is
#     placed in the first 4GB address space. The Java Heap base address is the
#     maximum limit for the native heap growth. Please use -XX:HeapBaseMinAddress
#     to set the Java Heap base and to place the Java Heap above 4GB virtual address.
# This output file may be truncated or incomplete.
#
#  Out of Memory Error (arena.cpp:191), pid=19324, tid=14268
#
# JRE version: OpenJDK Runtime Environment Corretto-17.0.13.11.1 (17.0.13+11) (build 17.0.13+11-LTS)
# Java VM: OpenJDK 64-Bit Server VM Corretto-17.0.13.11.1 (17.0.13+11-LTS, mixed mode, sharing, tiered, compressed oops, compressed class ptrs, g1 gc, windows-amd64)
# No core dump will be written. Minidumps are not enabled by default on client versions of Windows
#

---------------  S U M M A R Y ------------

Command Line: C:\Users\user\AppData\Local\Temp\surefire2451527962221774571\surefirebooter-20251112221118021_3.jar C:\Users\user\AppData\Local\Temp\surefire2451527962221774571 2025-11-12T22-11-14_290-jvmRun1 surefire-20251112221118021_1tmp surefire_0-20251112221118021_2tmp

Host: Intel(R) Pentium(R) CPU  N3700  @ 1.60GHz, 4 cores, 3G,  Windows 10 , 64 bit Build 19041 (10.0.19041.5915)
Time: Wed Nov 12 22:12:41 2025 Afr. centrale Ouest elapsed time: 77.943252 seconds (0d 0h 1m 17s)

---------------  T H R E A D  ---------------

Current thread (0x00000168ee3ba620):  JavaThread "C2 CompilerThread0" daemon [_thread_in_native, id=14268, stack(0x0000005429c00000,0x0000005429d00000)]


Current CompileTask:
C2:  77943 4690       4       org.springframework.core.ResolvableType::resolveType (143 bytes)

Stack: [0x0000005429c00000,0x0000005429d00000]
Native frames: (J=compiled Java code, j=interpreted, Vv=VM code, C=native code)
V  [jvm.dll+0x680c19]
V  [jvm.dll+0x83888a]
V  [jvm.dll+0x83a34e]
V  [jvm.dll+0x83a9b3]
V  [jvm.dll+0x2481af]
V  [jvm.dll+0xac9f4]
V  [jvm.dll+0xad03c]
V  [jvm.dll+0x2af7df]
V  [jvm.dll+0x587047]
V  [jvm.dll+0x223012]
V  [jvm.dll+0x21bf0d]
V  [jvm.dll+0x219a31]
V  [jvm.dll+0x1a58ed]
V  [jvm.dll+0x22988d]
V  [jvm.dll+0x227a1c]
V  [jvm.dll+0x7ed737]
V  [jvm.dll+0x7e7b2c]
V  [jvm.dll+0x67fae7]
C  [ucrtbase.dll+0x21bb2]
C  [KERNEL32.DLL+0x17374]
C  [ntdll.dll+0x4cc91]


---------------  P R O C E S S  ---------------

Threads class SMR info:
_java_thread_list=0x00000168f4cf7820, length=16, elements={
0x00000168d0f4ec70, 0x00000168ee3a1610, 0x00000168ee3a21d0, 0x00000168ee3b2ab0,
0x00000168ee3b3580, 0x00000168ee3b5f50, 0x00000168ee3b8920, 0x00000168ee3ba620,
0x00000168ee3bb0d0, 0x00000168ee3be280, 0x00000168ee623820, 0x00000168ee6242c0,
0x00000168ee7a0200, 0x00000168ee7a06e0, 0x00000168f4bcdee0, 0x00000168f4bcb150
}

Java Threads: ( => current thread )
  0x00000168d0f4ec70 JavaThread "main" [_thread_in_vm, id=15164, stack(0x0000005428e00000,0x0000005428f00000)]
  0x00000168ee3a1610 JavaThread "Reference Handler" daemon [_thread_blocked, id=13360, stack(0x0000005429600000,0x0000005429700000)]
  0x00000168ee3a21d0 JavaThread "Finalizer" daemon [_thread_blocked, id=1892, stack(0x0000005429700000,0x0000005429800000)]
  0x00000168ee3b2ab0 JavaThread "Signal Dispatcher" daemon [_thread_blocked, id=9608, stack(0x0000005429800000,0x0000005429900000)]
  0x00000168ee3b3580 JavaThread "Attach Listener" daemon [_thread_blocked, id=10372, stack(0x0000005429900000,0x0000005429a00000)]
  0x00000168ee3b5f50 JavaThread "Service Thread" daemon [_thread_blocked, id=764, stack(0x0000005429a00000,0x0000005429b00000)]
  0x00000168ee3b8920 JavaThread "Monitor Deflation Thread" daemon [_thread_blocked, id=17688, stack(0x0000005429b00000,0x0000005429c00000)]
=>0x00000168ee3ba620 JavaThread "C2 CompilerThread0" daemon [_thread_in_native, id=14268, stack(0x0000005429c00000,0x0000005429d00000)]
  0x00000168ee3bb0d0 JavaThread "C1 CompilerThread0" daemon [_thread_blocked, id=5756, stack(0x0000005429d00000,0x0000005429e00000)]
  0x00000168ee3be280 JavaThread "Sweeper thread" daemon [_thread_blocked, id=11344, stack(0x0000005429e00000,0x0000005429f00000)]
  0x00000168ee623820 JavaThread "Notification Thread" daemon [_thread_blocked, id=15808, stack(0x0000005429f00000,0x000000542a000000)]
  0x00000168ee6242c0 JavaThread "Common-Cleaner" daemon [_thread_blocked, id=7292, stack(0x000000542a100000,0x000000542a200000)]
  0x00000168ee7a0200 JavaThread "surefire-forkedjvm-stream-flusher" daemon [_thread_blocked, id=19128, stack(0x000000542a200000,0x000000542a300000)]
  0x00000168ee7a06e0 JavaThread "surefire-forkedjvm-command-thread" daemon [_thread_in_native, id=18024, stack(0x000000542a300000,0x000000542a400000)]
  0x00000168f4bcdee0 JavaThread "PostgreSQL-JDBC-Cleaner" daemon [_thread_blocked, id=1124, stack(0x000000542a800000,0x000000542a900000)]
  0x00000168f4bcb150 JavaThread "HikariPool-1:housekeeper" daemon [_thread_blocked, id=2104, stack(0x000000542a900000,0x000000542aa00000)]

Other Threads:
  0x00000168d10080d0 VMThread "VM Thread" [stack: 0x0000005429500000,0x0000005429600000] [id=18496]
  0x00000168ee47ed00 WatcherThread [stack: 0x000000542a000000,0x000000542a100000] [id=1656]
  0x00000168d0f8b200 GCTaskThread "GC Thread#0" [stack: 0x0000005429000000,0x0000005429100000] [id=5312]
  0x00000168f3226a90 GCTaskThread "GC Thread#1" [stack: 0x000000542a400000,0x000000542a500000] [id=2804]
  0x00000168f3227110 GCTaskThread "GC Thread#2" [stack: 0x000000542a500000,0x000000542a600000] [id=4236]
  0x00000168f323ec30 GCTaskThread "GC Thread#3" [stack: 0x000000542a600000,0x000000542a700000] [id=20208]
  0x00000168d0f93e50 ConcurrentGCThread "G1 Main Marker" [stack: 0x0000005429100000,0x0000005429200000] [id=9652]
  0x00000168d0f94870 ConcurrentGCThread "G1 Conc#0" [stack: 0x0000005429200000,0x0000005429300000] [id=3864]
  0x00000168d0fe1ae0 ConcurrentGCThread "G1 Refine#0" [stack: 0x0000005429300000,0x0000005429400000] [id=15316]
  0x00000168d0fe2510 ConcurrentGCThread "G1 Service" [stack: 0x0000005429400000,0x0000005429500000] [id=10412]

Threads with active compile tasks:
C2 CompilerThread0    78056 4690       4       org.springframework.core.ResolvableType::resolveType (143 bytes)

VM state: not at safepoint (normal execution)

VM Mutex/Monitor currently owned by a thread: None

Heap address: 0x00000000c1800000, size: 1000 MB, Compressed Oops mode: 32-bit

CDS archive(s) mapped at: [0x0000016880000000-0x0000016880bb0000-0x0000016880bb0000), size 12255232, SharedBaseAddress: 0x0000016880000000, ArchiveRelocationMode: 1.
Compressed class space mapped at: 0x0000016881000000-0x00000168c1000000, reserved size: 1073741824
Narrow klass base: 0x0000016880000000, Narrow klass shift: 0, Narrow klass range: 0x100000000

GC Precious Log:
 CPUs: 4 total, 4 available
 Memory: 3996M
 Large Page Support: Disabled
 NUMA Support: Disabled
 Compressed Oops: Enabled (32-bit)
 Heap Region Size: 1M
 Heap Min Capacity: 8M
 Heap Initial Capacity: 64M
 Heap Max Capacity: 1000M
 Pre-touch: Disabled
 Parallel Workers: 4
 Concurrent Workers: 1
 Concurrent Refinement Workers: 4
 Periodic GC: Disabled

Heap:
 garbage-first heap   total 58368K, used 31551K [0x00000000c1800000, 0x0000000100000000)
  region size 1024K, 5 young (5120K), 1 survivors (1024K)
 Metaspace       used 60005K, committed 60480K, reserved 1114112K
  class space    used 8491K, committed 8704K, reserved 1048576K

Heap Regions: E=young(eden), S=young(survivor), O=old, HS=humongous(starts), HC=humongous(continues), CS=collection set, F=free, OA=open archive, CA=closed archive, TAMS=top-at-mark-start (previous, next)
|   0|0x00000000c1800000, 0x00000000c1900000, 0x00000000c1900000|100%|HS|  |TAMS 0x00000000c1900000, 0x00000000c1800000| Complete 
|   1|0x00000000c1900000, 0x00000000c1a00000, 0x00000000c1a00000|100%|HS|  |TAMS 0x00000000c1a00000, 0x00000000c1900000| Complete 
|   2|0x00000000c1a00000, 0x00000000c1b00000, 0x00000000c1b00000|100%| O|  |TAMS 0x00000000c1b00000, 0x00000000c1a00000| Untracked 
|   3|0x00000000c1b00000, 0x00000000c1c00000, 0x00000000c1c00000|100%| O|  |TAMS 0x00000000c1c00000, 0x00000000c1b00000| Untracked 
|   4|0x00000000c1c00000, 0x00000000c1d00000, 0x00000000c1d00000|100%| O|  |TAMS 0x00000000c1d00000, 0x00000000c1c00000| Untracked 
|   5|0x00000000c1d00000, 0x00000000c1e00000, 0x00000000c1e00000|100%| O|  |TAMS 0x00000000c1e00000, 0x00000000c1d00000| Untracked 
|   6|0x00000000c1e00000, 0x00000000c1f00000, 0x00000000c1f00000|100%| O|  |TAMS 0x00000000c1f00000, 0x00000000c1e00000| Untracked 
|   7|0x00000000c1f00000, 0x00000000c2000000, 0x00000000c2000000|100%| O|  |TAMS 0x00000000c2000000, 0x00000000c1f00000| Untracked 
|   8|0x00000000c2000000, 0x00000000c2100000, 0x00000000c2100000|100%| O|  |TAMS 0x00000000c2100000, 0x00000000c2000000| Untracked 
|   9|0x00000000c2100000, 0x00000000c2200000, 0x00000000c2200000|100%| O|  |TAMS 0x00000000c2200000, 0x00000000c2100000| Untracked 
|  10|0x00000000c2200000, 0x00000000c22cca00, 0x00000000c2300000| 79%| O|  |TAMS 0x00000000c22cca00, 0x00000000c2200000| Untracked 
|  11|0x00000000c2300000, 0x00000000c2400000, 0x00000000c2400000|100%| O|  |TAMS 0x00000000c2400000, 0x00000000c2300000| Untracked 
|  12|0x00000000c2400000, 0x00000000c2500000, 0x00000000c2500000|100%| O|  |TAMS 0x00000000c2500000, 0x00000000c2400000| Untracked 
|  13|0x00000000c2500000, 0x00000000c2600000, 0x00000000c2600000|100%| O|  |TAMS 0x00000000c2600000, 0x00000000c2500000| Untracked 
|  14|0x00000000c2600000, 0x00000000c2700000, 0x00000000c2700000|100%| O|  |TAMS 0x00000000c2700000, 0x00000000c2600000| Untracked 
|  15|0x00000000c2700000, 0x00000000c2800000, 0x00000000c2800000|100%| O|  |TAMS 0x00000000c2800000, 0x00000000c2700000| Untracked 
|  16|0x00000000c2800000, 0x00000000c2900000, 0x00000000c2900000|100%| O|  |TAMS 0x00000000c2900000, 0x00000000c2800000| Untracked 
|  17|0x00000000c2900000, 0x00000000c2a00000, 0x00000000c2a00000|100%| O|  |TAMS 0x00000000c2a00000, 0x00000000c2900000| Untracked 
|  18|0x00000000c2a00000, 0x00000000c2b00000, 0x00000000c2b00000|100%| O|  |TAMS 0x00000000c2b00000, 0x00000000c2a00000| Untracked 
|  19|0x00000000c2b00000, 0x00000000c2c00000, 0x00000000c2c00000|100%| O|  |TAMS 0x00000000c2c00000, 0x00000000c2b00000| Untracked 
|  20|0x00000000c2c00000, 0x00000000c2d00000, 0x00000000c2d00000|100%| O|  |TAMS 0x00000000c2d00000, 0x00000000c2c00000| Untracked 
|  21|0x00000000c2d00000, 0x00000000c2e00000, 0x00000000c2e00000|100%| O|  |TAMS 0x00000000c2e00000, 0x00000000c2d00000| Untracked 
|  22|0x00000000c2e00000, 0x00000000c2f00000, 0x00000000c2f00000|100%| O|  |TAMS 0x00000000c2f00000, 0x00000000c2e00000| Untracked 
|  23|0x00000000c2f00000, 0x00000000c3000000, 0x00000000c3000000|100%| O|  |TAMS 0x00000000c3000000, 0x00000000c2f00000| Untracked 
|  24|0x00000000c3000000, 0x00000000c3100000, 0x00000000c3100000|100%| O|  |TAMS 0x00000000c3099a00, 0x00000000c3000000| Untracked 
|  25|0x00000000c3100000, 0x00000000c3200000, 0x00000000c3200000|100%| O|  |TAMS 0x00000000c3100000, 0x00000000c3100000| Untracked 
|  26|0x00000000c3200000, 0x00000000c3300000, 0x00000000c3300000|100%| O|  |TAMS 0x00000000c3200000, 0x00000000c3200000| Untracked 
|  27|0x00000000c3300000, 0x00000000c3317a00, 0x00000000c3400000|  9%| O|  |TAMS 0x00000000c3300000, 0x00000000c3300000| Untracked 
|  28|0x00000000c3400000, 0x00000000c3400000, 0x00000000c3500000|  0%| F|  |TAMS 0x00000000c3400000, 0x00000000c3400000| Untracked 
|  29|0x00000000c3500000, 0x00000000c3500000, 0x00000000c3600000|  0%| F|  |TAMS 0x00000000c3500000, 0x00000000c3500000| Untracked 
|  30|0x00000000c3600000, 0x00000000c3600000, 0x00000000c3700000|  0%| F|  |TAMS 0x00000000c3600000, 0x00000000c3600000| Untracked 
|  31|0x00000000c3700000, 0x00000000c3700000, 0x00000000c3800000|  0%| F|  |TAMS 0x00000000c3700000, 0x00000000c3700000| Untracked 
|  32|0x00000000c3800000, 0x00000000c3800000, 0x00000000c3900000|  0%| F|  |TAMS 0x00000000c3800000, 0x00000000c3800000| Untracked 
|  33|0x00000000c3900000, 0x00000000c3900000, 0x00000000c3a00000|  0%| F|  |TAMS 0x00000000c3900000, 0x00000000c3900000| Untracked 
|  34|0x00000000c3a00000, 0x00000000c3a00000, 0x00000000c3b00000|  0%| F|  |TAMS 0x00000000c3a00000, 0x00000000c3a00000| Untracked 
|  35|0x00000000c3b00000, 0x00000000c3b00000, 0x00000000c3c00000|  0%| F|  |TAMS 0x00000000c3b00000, 0x00000000c3b00000| Untracked 
|  36|0x00000000c3c00000, 0x00000000c3c00000, 0x00000000c3d00000|  0%| F|  |TAMS 0x00000000c3c00000, 0x00000000c3c00000| Untracked 
|  37|0x00000000c3d00000, 0x00000000c3d00000, 0x00000000c3e00000|  0%| F|  |TAMS 0x00000000c3d00000, 0x00000000c3d00000| Untracked 
|  38|0x00000000c3e00000, 0x00000000c3e00000, 0x00000000c3f00000|  0%| F|  |TAMS 0x00000000c3e00000, 0x00000000c3e00000| Untracked 
|  39|0x00000000c3f00000, 0x00000000c3f00000, 0x00000000c4000000|  0%| F|  |TAMS 0x00000000c3f00000, 0x00000000c3f00000| Untracked 
|  40|0x00000000c4000000, 0x00000000c4000000, 0x00000000c4100000|  0%| F|  |TAMS 0x00000000c4000000, 0x00000000c4000000| Untracked 
|  41|0x00000000c4100000, 0x00000000c4100000, 0x00000000c4200000|  0%| F|  |TAMS 0x00000000c4100000, 0x00000000c4100000| Untracked 
|  42|0x00000000c4200000, 0x00000000c4200000, 0x00000000c4300000|  0%| F|  |TAMS 0x00000000c4200000, 0x00000000c4200000| Untracked 
|  43|0x00000000c4300000, 0x00000000c4300000, 0x00000000c4400000|  0%| F|  |TAMS 0x00000000c4300000, 0x00000000c4300000| Untracked 
|  44|0x00000000c4400000, 0x00000000c4400000, 0x00000000c4500000|  0%| F|  |TAMS 0x00000000c4400000, 0x00000000c4400000| Untracked 
|  45|0x00000000c4500000, 0x00000000c4500000, 0x00000000c4600000|  0%| F|  |TAMS 0x00000000c4500000, 0x00000000c4500000| Untracked 
|  46|0x00000000c4600000, 0x00000000c4600000, 0x00000000c4700000|  0%| F|  |TAMS 0x00000000c4600000, 0x00000000c4600000| Untracked 
|  47|0x00000000c4700000, 0x00000000c4700000, 0x00000000c4800000|  0%| F|  |TAMS 0x00000000c4700000, 0x00000000c4700000| Untracked 
|  48|0x00000000c4800000, 0x00000000c4800000, 0x00000000c4900000|  0%| F|  |TAMS 0x00000000c4800000, 0x00000000c4800000| Untracked 
|  49|0x00000000c4900000, 0x00000000c4900000, 0x00000000c4a00000|  0%| F|  |TAMS 0x00000000c4900000, 0x00000000c4900000| Untracked 
|  50|0x00000000c4a00000, 0x00000000c4aeb8a0, 0x00000000c4b00000| 92%| S|CS|TAMS 0x00000000c4a00000, 0x00000000c4a00000| Complete 
|  51|0x00000000c4b00000, 0x00000000c4b00000, 0x00000000c4c00000|  0%| F|  |TAMS 0x00000000c4b00000, 0x00000000c4b00000| Untracked 
|  52|0x00000000c4c00000, 0x00000000c4c00000, 0x00000000c4d00000|  0%| F|  |TAMS 0x00000000c4c00000, 0x00000000c4c00000| Untracked 
|  53|0x00000000c4d00000, 0x00000000c4e00000, 0x00000000c4e00000|100%| E|  |TAMS 0x00000000c4d00000, 0x00000000c4d00000| Complete 
|  54|0x00000000c4e00000, 0x00000000c4f00000, 0x00000000c4f00000|100%| E|CS|TAMS 0x00000000c4e00000, 0x00000000c4e00000| Complete 
|  55|0x00000000c4f00000, 0x00000000c5000000, 0x00000000c5000000|100%| E|CS|TAMS 0x00000000c4f00000, 0x00000000c4f00000| Complete 
|  63|0x00000000c5700000, 0x00000000c5800000, 0x00000000c5800000|100%| E|CS|TAMS 0x00000000c5700000, 0x00000000c5700000| Complete 

Card table byte_map: [0x00000168e9aa0000,0x00000168e9ca0000] _byte_map_base: 0x00000168e9494000

Marking Bits (Prev, Next): (CMBitMap*) 0x00000168d0f8b860, (CMBitMap*) 0x00000168d0f8b820
 Prev Bits: [0x00000168eae40000, 0x00000168ebde0000)
 Next Bits: [0x00000168e9ea0000, 0x00000168eae40000)

Polling page: 0x00000168d1010000

Metaspace:

Usage:
  Non-class:     50.31 MB used.
      Class:      8.29 MB used.
       Both:     58.60 MB used.

Virtual space:
  Non-class space:       64.00 MB reserved,      50.56 MB ( 79%) committed,  1 nodes.
      Class space:        1.00 GB reserved,       8.50 MB ( <1%) committed,  1 nodes.
             Both:        1.06 GB reserved,      59.06 MB (  5%) committed. 

Chunk freelists:
   Non-Class:  12.98 MB
       Class:  7.38 MB
        Both:  20.36 MB

MaxMetaspaceSize: unlimited
CompressedClassSpaceSize: 1.00 GB
Initial GC threshold: 21.00 MB
Current GC threshold: 98.25 MB
CDS: on
MetaspaceReclaimPolicy: balanced
 - commit_granule_bytes: 65536.
 - commit_granule_words: 8192.
 - virtual_space_node_default_size: 8388608.
 - enlarge_chunks_in_place: 1.
 - new_chunks_are_fully_committed: 0.
 - uncommit_free_chunks: 1.
 - use_allocation_guard: 0.
 - handle_deallocations: 1.


Internal statistics:

num_allocs_failed_limit: 9.
num_arena_births: 634.
num_arena_deaths: 0.
num_vsnodes_births: 2.
num_vsnodes_deaths: 0.
num_space_committed: 945.
num_space_uncommitted: 0.
num_chunks_returned_to_freelist: 9.
num_chunks_taken_from_freelist: 2819.
num_chunk_merges: 6.
num_chunk_splits: 2071.
num_chunks_enlarged: 1663.
num_inconsistent_stats: 0.

CodeHeap 'non-profiled nmethods': size=120000Kb used=3182Kb max_used=3182Kb free=116817Kb
 bounds [0x00000168e1d40000, 0x00000168e2060000, 0x00000168e9270000]
CodeHeap 'profiled nmethods': size=120000Kb used=10411Kb max_used=10411Kb free=109588Kb
 bounds [0x00000168da270000, 0x00000168daca0000, 0x00000168e17a0000]
CodeHeap 'non-nmethods': size=5760Kb used=1303Kb max_used=1363Kb free=4456Kb
 bounds [0x00000168e17a0000, 0x00000168e1a10000, 0x00000168e1d40000]
 total_blobs=5542 nmethods=4911 adapters=543
 compilation: enabled
              stopped_count=0, restarted_count=0
 full_count=0

Compilation events (20 events):
Event: 77.624 Thread 0x00000168ee3ba620 nmethod 4788 0x00000168e205a090 code [0x00000168e205a200, 0x00000168e205a298]
Event: 77.624 Thread 0x00000168ee3ba620 4697       4       org.springframework.aop.framework.autoproxy.AbstractAutoProxyCreator::predictBeanType (35 bytes)
Event: 77.628 Thread 0x00000168ee3ba620 nmethod 4697 0x00000168e205a390 code [0x00000168e205a520, 0x00000168e205a618]
Event: 77.628 Thread 0x00000168ee3ba620 4799       4       java.lang.reflect.Modifier::isProtected (12 bytes)
Event: 77.629 Thread 0x00000168ee3ba620 nmethod 4799 0x00000168e205a790 code [0x00000168e205a900, 0x00000168e205a958]
Event: 77.629 Thread 0x00000168ee3ba620 4755       4       java.util.stream.AbstractPipeline::isParallel (8 bytes)
Event: 77.630 Thread 0x00000168ee3ba620 nmethod 4755 0x00000168e205aa90 code [0x00000168e205ac00, 0x00000168e205ac98]
Event: 77.630 Thread 0x00000168ee3ba620 4683       4       org.springframework.core.annotation.AnnotationsScanner::isKnownEmpty (62 bytes)
Event: 77.663 Thread 0x00000168ee3ba620 nmethod 4683 0x00000168e205ad90 code [0x00000168e205af60, 0x00000168e205b370]
Event: 77.664 Thread 0x00000168ee3ba620 4690       4       org.springframework.core.ResolvableType::resolveType (143 bytes)
Event: 77.854 Thread 0x00000168ee3bb0d0 4922       3       org.springframework.beans.factory.support.AbstractBeanFactory::isTypeMatch (10 bytes)
Event: 77.855 Thread 0x00000168ee3bb0d0 nmethod 4922 0x00000168dac95f10 code [0x00000168dac960e0, 0x00000168dac96578]
Event: 77.911 Thread 0x00000168ee3bb0d0 4924       3       org.springframework.util.ReflectionUtils::doWithMethods (7 bytes)
Event: 77.912 Thread 0x00000168ee3bb0d0 nmethod 4924 0x00000168dac96710 code [0x00000168dac968a0, 0x00000168dac969c8]
Event: 77.916 Thread 0x00000168ee3bb0d0 4927       3       org.springframework.util.ReflectionUtils$$Lambda$969/0x00000168813b06d8::<init> (10 bytes)
Event: 77.917 Thread 0x00000168ee3bb0d0 nmethod 4927 0x00000168dac96a90 code [0x00000168dac96c20, 0x00000168dac96dd8]
Event: 77.925 Thread 0x00000168ee3bb0d0 4929       2       org.springframework.core.annotation.TypeMappedAnnotations$AggregatesCollector::doWithAnnotations (10 bytes)
Event: 77.926 Thread 0x00000168ee3bb0d0 nmethod 4929 0x00000168dac96e90 code [0x00000168dac97020, 0x00000168dac97148]
Event: 77.926 Thread 0x00000168ee3bb0d0 4930       2       org.springframework.core.annotation.TypeMappedAnnotations$AggregatesCollector::doWithAnnotations (20 bytes)
Event: 77.927 Thread 0x00000168ee3bb0d0 nmethod 4930 0x00000168dac97210 code [0x00000168dac973c0, 0x00000168dac97518]

GC Heap History (20 events):
Event: 32.205 GC heap before
{Heap before GC invocations=6 (full 0):
 garbage-first heap   total 58368K, used 44156K [0x00000000c1800000, 0x0000000100000000)
  region size 1024K, 34 young (34816K), 5 survivors (5120K)
 Metaspace       used 26321K, committed 26624K, reserved 1114112K
  class space    used 3524K, committed 3648K, reserved 1048576K
}
Event: 32.227 GC heap after
{Heap after GC invocations=7 (full 0):
 garbage-first heap   total 58368K, used 17839K [0x00000000c1800000, 0x0000000100000000)
  region size 1024K, 5 young (5120K), 5 survivors (5120K)
 Metaspace       used 26321K, committed 26624K, reserved 1114112K
  class space    used 3524K, committed 3648K, reserved 1048576K
}
Event: 39.087 GC heap before
{Heap before GC invocations=7 (full 0):
 garbage-first heap   total 58368K, used 40367K [0x00000000c1800000, 0x0000000100000000)
  region size 1024K, 27 young (27648K), 5 survivors (5120K)
 Metaspace       used 29511K, committed 29888K, reserved 1114112K
  class space    used 3948K, committed 4160K, reserved 1048576K
}
Event: 39.109 GC heap after
{Heap after GC invocations=8 (full 0):
 garbage-first heap   total 58368K, used 19211K [0x00000000c1800000, 0x0000000100000000)
  region size 1024K, 2 young (2048K), 2 survivors (2048K)
 Metaspace       used 29511K, committed 29888K, reserved 1114112K
  class space    used 3948K, committed 4160K, reserved 1048576K
}
Event: 45.269 GC heap before
{Heap before GC invocations=8 (full 0):
 garbage-first heap   total 58368K, used 42763K [0x00000000c1800000, 0x0000000100000000)
  region size 1024K, 25 young (25600K), 2 survivors (2048K)
 Metaspace       used 33284K, committed 33728K, reserved 1114112K
  class space    used 4488K, committed 4672K, reserved 1048576K
}
Event: 45.290 GC heap after
{Heap after GC invocations=9 (full 0):
 garbage-first heap   total 58368K, used 21115K [0x00000000c1800000, 0x0000000100000000)
  region size 1024K, 4 young (4096K), 4 survivors (4096K)
 Metaspace       used 33284K, committed 33728K, reserved 1114112K
  class space    used 4488K, committed 4672K, reserved 1048576K
}
Event: 49.329 GC heap before
{Heap before GC invocations=9 (full 0):
 garbage-first heap   total 58368K, used 31355K [0x00000000c1800000, 0x0000000100000000)
  region size 1024K, 15 young (15360K), 4 survivors (4096K)
 Metaspace       used 35753K, committed 36096K, reserved 1114112K
  class space    used 4861K, committed 4992K, reserved 1048576K
}
Event: 49.353 GC heap after
{Heap after GC invocations=10 (full 0):
 garbage-first heap   total 58368K, used 21643K [0x00000000c1800000, 0x0000000100000000)
  region size 1024K, 1 young (1024K), 1 survivors (1024K)
 Metaspace       used 35753K, committed 36096K, reserved 1114112K
  class space    used 4861K, committed 4992K, reserved 1048576K
}
Event: 55.581 GC heap before
{Heap before GC invocations=11 (full 0):
 garbage-first heap   total 58368K, used 44171K [0x00000000c1800000, 0x0000000100000000)
  region size 1024K, 23 young (23552K), 1 survivors (1024K)
 Metaspace       used 41119K, committed 41536K, reserved 1114112K
  class space    used 5673K, committed 5888K, reserved 1048576K
}
Event: 55.594 GC heap after
{Heap after GC invocations=12 (full 0):
 garbage-first heap   total 58368K, used 22730K [0x00000000c1800000, 0x0000000100000000)
  region size 1024K, 2 young (2048K), 2 survivors (2048K)
 Metaspace       used 41119K, committed 41536K, reserved 1114112K
  class space    used 5673K, committed 5888K, reserved 1048576K
}
Event: 61.198 GC heap before
{Heap before GC invocations=12 (full 0):
 garbage-first heap   total 58368K, used 44234K [0x00000000c1800000, 0x0000000100000000)
  region size 1024K, 24 young (24576K), 2 survivors (2048K)
 Metaspace       used 45829K, committed 46272K, reserved 1114112K
  class space    used 6259K, committed 6464K, reserved 1048576K
}
Event: 61.213 GC heap after
{Heap after GC invocations=13 (full 0):
 garbage-first heap   total 58368K, used 23940K [0x00000000c1800000, 0x0000000100000000)
  region size 1024K, 3 young (3072K), 3 survivors (3072K)
 Metaspace       used 45829K, committed 46272K, reserved 1114112K
  class space    used 6259K, committed 6464K, reserved 1048576K
}
Event: 66.763 GC heap before
{Heap before GC invocations=13 (full 0):
 garbage-first heap   total 58368K, used 44420K [0x00000000c1800000, 0x0000000100000000)
  region size 1024K, 24 young (24576K), 3 survivors (3072K)
 Metaspace       used 51337K, committed 51776K, reserved 1114112K
  class space    used 7089K, committed 7296K, reserved 1048576K
}
Event: 66.780 GC heap after
{Heap after GC invocations=14 (full 0):
 garbage-first heap   total 58368K, used 25034K [0x00000000c1800000, 0x0000000100000000)
  region size 1024K, 3 young (3072K), 3 survivors (3072K)
 Metaspace       used 51337K, committed 51776K, reserved 1114112K
  class space    used 7089K, committed 7296K, reserved 1048576K
}
Event: 70.804 GC heap before
{Heap before GC invocations=14 (full 0):
 garbage-first heap   total 58368K, used 44490K [0x00000000c1800000, 0x0000000100000000)
  region size 1024K, 23 young (23552K), 3 survivors (3072K)
 Metaspace       used 55893K, committed 56384K, reserved 1114112K
  class space    used 7872K, committed 8128K, reserved 1048576K
}
Event: 70.819 GC heap after
{Heap after GC invocations=15 (full 0):
 garbage-first heap   total 58368K, used 25593K [0x00000000c1800000, 0x0000000100000000)
  region size 1024K, 2 young (2048K), 2 survivors (2048K)
 Metaspace       used 55893K, committed 56384K, reserved 1114112K
  class space    used 7872K, committed 8128K, reserved 1048576K
}
Event: 74.819 GC heap before
{Heap before GC invocations=15 (full 0):
 garbage-first heap   total 58368K, used 47097K [0x00000000c1800000, 0x0000000100000000)
  region size 1024K, 23 young (23552K), 2 survivors (2048K)
 Metaspace       used 59091K, committed 59584K, reserved 1114112K
  class space    used 8320K, committed 8576K, reserved 1048576K
}
Event: 74.840 GC heap after
{Heap after GC invocations=16 (full 0):
 garbage-first heap   total 58368K, used 27730K [0x00000000c1800000, 0x0000000100000000)
  region size 1024K, 3 young (3072K), 3 survivors (3072K)
 Metaspace       used 59091K, committed 59584K, reserved 1114112K
  class space    used 8320K, committed 8576K, reserved 1048576K
}
Event: 76.053 GC heap before
{Heap before GC invocations=16 (full 0):
 garbage-first heap   total 58368K, used 32850K [0x00000000c1800000, 0x0000000100000000)
  region size 1024K, 9 young (9216K), 3 survivors (3072K)
 Metaspace       used 59849K, committed 60288K, reserved 1114112K
  class space    used 8435K, committed 8640K, reserved 1048576K
}
Event: 76.075 GC heap after
{Heap after GC invocations=17 (full 0):
 garbage-first heap   total 58368K, used 28479K [0x00000000c1800000, 0x0000000100000000)
  region size 1024K, 1 young (1024K), 1 survivors (1024K)
 Metaspace       used 59849K, committed 60288K, reserved 1114112K
  class space    used 8435K, committed 8640K, reserved 1048576K
}

Dll operation events (11 events):
Event: 0.160 Loaded shared library C:\Users\user\.jdks\corretto-17.0.13\bin\java.dll
Event: 0.309 Loaded shared library C:\Users\user\.jdks\corretto-17.0.13\bin\jsvml.dll
Event: 0.729 Loaded shared library C:\Users\user\.jdks\corretto-17.0.13\bin\net.dll
Event: 0.754 Loaded shared library C:\Users\user\.jdks\corretto-17.0.13\bin\nio.dll
Event: 0.775 Loaded shared library C:\Users\user\.jdks\corretto-17.0.13\bin\zip.dll
Event: 2.626 Loaded shared library C:\Users\user\.jdks\corretto-17.0.13\bin\management.dll
Event: 2.737 Loaded shared library C:\Users\user\.jdks\corretto-17.0.13\bin\management_ext.dll
Event: 3.141 Loaded shared library C:\Users\user\.jdks\corretto-17.0.13\bin\jimage.dll
Event: 32.060 Loaded shared library C:\Users\user\.jdks\corretto-17.0.13\bin\sunmscapi.dll
Event: 50.116 Loaded shared library C:\Users\user\.jdks\corretto-17.0.13\bin\verify.dll
Event: 53.773 Loaded shared library C:\Users\user\.jdks\corretto-17.0.13\bin\extnet.dll

Deoptimization events (20 events):
Event: 74.035 Thread 0x00000168d0f4ec70 DEOPT PACKING pc=0x00000168e1efe180 sp=0x0000005428efa6a0
Event: 74.035 Thread 0x00000168d0f4ec70 DEOPT UNPACKING pc=0x00000168e17f699d sp=0x0000005428efa628 mode 2
Event: 74.036 Thread 0x00000168d0f4ec70 Uncommon trap: trap_request=0xffffffde fr.pc=0x00000168e1efe190 relative=0x00000000000000d0
Event: 74.036 Thread 0x00000168d0f4ec70 Uncommon trap: reason=class_check action=maybe_recompile pc=0x00000168e1efe190 method=org.springframework.core.SerializableTypeWrapper.unwrap(Ljava/lang/reflect/Type;)Ljava/lang/reflect/Type; @ 10 c2
Event: 74.036 Thread 0x00000168d0f4ec70 DEOPT PACKING pc=0x00000168e1efe190 sp=0x0000005428efa5a0
Event: 74.036 Thread 0x00000168d0f4ec70 DEOPT UNPACKING pc=0x00000168e17f699d sp=0x0000005428efa528 mode 2
Event: 74.036 Thread 0x00000168d0f4ec70 Uncommon trap: trap_request=0xffffffde fr.pc=0x00000168e1efe190 relative=0x00000000000000d0
Event: 74.036 Thread 0x00000168d0f4ec70 Uncommon trap: reason=class_check action=maybe_recompile pc=0x00000168e1efe190 method=org.springframework.core.SerializableTypeWrapper.unwrap(Ljava/lang/reflect/Type;)Ljava/lang/reflect/Type; @ 10 c2
Event: 74.036 Thread 0x00000168d0f4ec70 DEOPT PACKING pc=0x00000168e1efe190 sp=0x0000005428efa5a0
Event: 74.036 Thread 0x00000168d0f4ec70 DEOPT UNPACKING pc=0x00000168e17f699d sp=0x0000005428efa528 mode 2
Event: 75.368 Thread 0x00000168d0f4ec70 DEOPT PACKING pc=0x00000168da86f15e sp=0x0000005428ef7540
Event: 75.368 Thread 0x00000168d0f4ec70 DEOPT UNPACKING pc=0x00000168e17f7124 sp=0x0000005428ef6a08 mode 0
Event: 77.653 Thread 0x00000168d0f4ec70 Uncommon trap: trap_request=0xffffff6e fr.pc=0x00000168e1daf0c8 relative=0x00000000000001a8
Event: 77.653 Thread 0x00000168d0f4ec70 Uncommon trap: reason=loop_limit_check action=maybe_recompile pc=0x00000168e1daf0c8 method=java.lang.StringLatin1.lastIndexOf([BII)I @ 19 c2
Event: 77.653 Thread 0x00000168d0f4ec70 DEOPT PACKING pc=0x00000168e1daf0c8 sp=0x0000005428efa9b0
Event: 77.653 Thread 0x00000168d0f4ec70 DEOPT UNPACKING pc=0x00000168e17f699d sp=0x0000005428efa868 mode 2
Event: 77.859 Thread 0x00000168d0f4ec70 Uncommon trap: trap_request=0xffffff6e fr.pc=0x00000168e1d4b95c relative=0x000000000000015c
Event: 77.859 Thread 0x00000168d0f4ec70 Uncommon trap: reason=loop_limit_check action=maybe_recompile pc=0x00000168e1d4b95c method=java.lang.StringLatin1.lastIndexOf([BII)I @ 19 c2
Event: 77.859 Thread 0x00000168d0f4ec70 DEOPT PACKING pc=0x00000168e1d4b95c sp=0x0000005428efa8f0
Event: 77.859 Thread 0x00000168d0f4ec70 DEOPT UNPACKING pc=0x00000168e17f699d sp=0x0000005428efa870 mode 2

Classes loaded (20 events):
Event: 71.440 Loading class javax/naming/Reference
Event: 71.440 Loading class javax/naming/Reference done
Event: 71.594 Loading class java/lang/SafeVarargs
Event: 71.595 Loading class java/lang/SafeVarargs done
Event: 71.603 Loading class sun/reflect/generics/reflectiveObjects/GenericArrayTypeImpl
Event: 71.604 Loading class sun/reflect/generics/reflectiveObjects/GenericArrayTypeImpl done
Event: 72.947 Loading class java/util/WeakHashMap$KeyIterator
Event: 72.947 Loading class java/util/WeakHashMap$KeyIterator done
Event: 73.439 Loading class java/lang/Package$1PackageInfoProxy
Event: 73.441 Loading class java/lang/Package$1PackageInfoProxy done
Event: 74.034 Loading class sun/reflect/generics/repository/FieldRepository
Event: 74.034 Loading class sun/reflect/generics/repository/FieldRepository done
Event: 74.226 Loading class java/security/KeyStoreException
Event: 74.227 Loading class java/security/KeyStoreException done
Event: 74.228 Loading class java/security/UnrecoverableKeyException
Event: 74.228 Loading class java/security/UnrecoverableEntryException
Event: 74.228 Loading class java/security/UnrecoverableEntryException done
Event: 74.229 Loading class java/security/UnrecoverableKeyException done
Event: 77.577 Loading class java/nio/charset/UnsupportedCharsetException
Event: 77.577 Loading class java/nio/charset/UnsupportedCharsetException done

Classes unloaded (0 events):
No events

Classes redefined (0 events):
No events

Internal exceptions (20 events):
Event: 68.940 Thread 0x00000168d0f4ec70 Exception <a 'java/lang/NoSuchMethodError'{0x00000000c4507cf8}: 'void java.lang.invoke.DirectMethodHandle$Holder.invokeInterface(java.lang.Object, java.lang.Object, int, java.lang.Object)'> (0x00000000c4507cf8) 
thrown [s\src\hotspot\share\interpreter\linkResolver.cpp, line 759]
Event: 68.984 Thread 0x00000168d0f4ec70 Exception <a 'java/lang/NoSuchMethodError'{0x00000000c45356b0}: 'java.lang.Object java.lang.invoke.DirectMethodHandle$Holder.newInvokeSpecial(java.lang.Object, java.lang.Object, int, java.lang.Object)'> (0x00000000c45356b0) 
thrown [s\src\hotspot\share\interpreter\linkResolver.cpp, line 759]
Event: 69.300 Thread 0x00000168d0f4ec70 Exception <a 'java/lang/NoSuchMethodError'{0x00000000c4483dc0}: 'void java.lang.invoke.DirectMethodHandle$Holder.invokeSpecial(java.lang.Object, java.lang.Object, int, java.lang.Object)'> (0x00000000c4483dc0) 
thrown [s\src\hotspot\share\interpreter\linkResolver.cpp, line 759]
Event: 69.303 Thread 0x00000168d0f4ec70 Exception <a 'java/lang/NoSuchMethodError'{0x00000000c448b2a8}: 'java.lang.Object java.lang.invoke.DirectMethodHandle$Holder.newInvokeSpecial(java.lang.Object, java.lang.Object, int)'> (0x00000000c448b2a8) 
thrown [s\src\hotspot\share\interpreter\linkResolver.cpp, line 759]
Event: 69.611 Thread 0x00000168d0f4ec70 Exception <a 'java/lang/NoSuchMethodError'{0x00000000c421c120}: 'int java.lang.invoke.DirectMethodHandle$Holder.invokeStatic(java.lang.Object, int, java.lang.Object)'> (0x00000000c421c120) 
thrown [s\src\hotspot\share\interpreter\linkResolver.cpp, line 759]
Event: 69.628 Thread 0x00000168d0f4ec70 Exception <a 'java/lang/NoSuchMethodError'{0x00000000c424daf8}: 'java.lang.Object java.lang.invoke.DirectMethodHandle$Holder.newInvokeSpecial(java.lang.Object, java.lang.Object, java.lang.Object, java.lang.Object, java.lang.Object, int, java.lang.Object)'> (0x00000000c424daf8) 
thrown [s\src\hotspot\share\interpreter\linkResolver.cpp, line 759]
Event: 69.693 Thread 0x00000168d0f4ec70 Exception <a 'java/lang/NoSuchMethodError'{0x00000000c428b9e0}: 'java.lang.Object java.lang.invoke.DirectMethodHandle$Holder.newInvokeSpecial(java.lang.Object, java.lang.Object, java.lang.Object, java.lang.Object, java.lang.Object, java.lang.Object, java.lang.Object, java.lang.Object, java.lang.Object, java.lang.Object, java.lang.Object, java.lang.Object)'> (0x00000000c428b9e0) 
thrown [s\src\hotspot\share\interpreter\linkResolver.cpp, line 759]
Event: 69.695 Thread 0x00000168d0f4ec70 Exception <a 'java/lang/NoSuchMethodError'{0x00000000c42910d0}: 'java.lang.Object java.lang.invoke.DirectMethodHandle$Holder.invokeSpecial(java.lang.Object, java.lang.Object, java.lang.Object, java.lang.Object, java.lang.Object, java.lang.Object, java.lang.Object, java.lang.Object, java.lang.Object, java.lang.Object, java.lang.Object, java.lang.Object, java.lang.Object)'> (0x00000000c42910d0) 
thrown [s\src\hotspot\share\interpreter\linkResolver.cpp, line 759]
Event: 69.697 Thread 0x00000168d0f4ec70 Exception <a 'java/lang/NoSuchMethodError'{0x00000000c4296358}: 'java.lang.Object java.lang.invoke.Invokers$Holder.linkToTargetMethod(java.lang.Object, java.lang.Object, java.lang.Object, java.lang.Object, java.lang.Object, java.lang.Object, java.lang.Object, java.lang.Object, java.lang.Object, java.lang.Object, java.lang.Object, java.lang.Object)'> (0x00000000c4296358) 
thrown [s\src\hotspot\share\interpreter\linkResolver.cpp, line 759]
Event: 70.077 Thread 0x00000168d0f4ec70 Exception <a 'java/lang/IncompatibleClassChangeError'{0x00000000c405c930}: Found class java.lang.Object, but interface was expected> (0x00000000c405c930) 
thrown [s\src\hotspot\share\interpreter\linkResolver.cpp, line 826]
Event: 70.168 Thread 0x00000168d0f4ec70 Exception <a 'java/lang/NoSuchMethodError'{0x00000000c40ef338}: 'java.lang.Object java.lang.invoke.DirectMethodHandle$Holder.newInvokeSpecial(java.lang.Object, java.lang.Object, java.lang.Object, java.lang.Object, java.lang.Object, java.lang.Object, java.lang.Object, int)'> (0x00000000c40ef338) 
thrown [s\src\hotspot\share\interpreter\linkResolver.cpp, line 759]
Event: 70.177 Thread 0x00000168d0f4ec70 Exception <a 'java/lang/NoSuchMethodError'{0x00000000c40f4ae0}: 'java.lang.Object java.lang.invoke.DirectMethodHandle$Holder.invokeSpecial(java.lang.Object, java.lang.Object, java.lang.Object, java.lang.Object, java.lang.Object, java.lang.Object, java.lang.Object, java.lang.Object, int)'> (0x00000000c40f4ae0) 
thrown [s\src\hotspot\share\interpreter\linkResolver.cpp, line 759]
Event: 70.180 Thread 0x00000168d0f4ec70 Exception <a 'java/lang/NoSuchMethodError'{0x00000000c40f9d58}: 'java.lang.Object java.lang.invoke.Invokers$Holder.linkToTargetMethod(java.lang.Object, java.lang.Object, java.lang.Object, java.lang.Object, java.lang.Object, java.lang.Object, int, java.lang.Object)'> (0x00000000c40f9d58) 
thrown [s\src\hotspot\share\interpreter\linkResolver.cpp, line 759]
Event: 71.929 Thread 0x00000168d0f4ec70 Exception <a 'java/lang/IncompatibleClassChangeError'{0x00000000c495e610}: Found class java.lang.Object, but interface was expected> (0x00000000c495e610) 
thrown [s\src\hotspot\share\interpreter\linkResolver.cpp, line 826]
Event: 72.330 Thread 0x00000168d0f4ec70 Exception <a 'java/lang/IncompatibleClassChangeError'{0x00000000c4775628}: Found class java.lang.Object, but interface was expected> (0x00000000c4775628) 
thrown [s\src\hotspot\share\interpreter\linkResolver.cpp, line 826]
Event: 73.285 Thread 0x00000168d0f4ec70 Exception <a 'java/lang/IncompatibleClassChangeError'{0x00000000c43a89f8}: Found class java.lang.Object, but interface was expected> (0x00000000c43a89f8) 
thrown [s\src\hotspot\share\interpreter\linkResolver.cpp, line 826]
Event: 75.147 Thread 0x00000168d0f4ec70 Exception <a 'java/lang/NoSuchMethodError'{0x00000000c4fd13a0}: 'void java.lang.invoke.DirectMethodHandle$Holder.invokeInterface(java.lang.Object, java.lang.Object, int)'> (0x00000000c4fd13a0) 
thrown [s\src\hotspot\share\interpreter\linkResolver.cpp, line 759]
Event: 75.196 Thread 0x00000168d0f4ec70 Exception <a 'java/lang/IncompatibleClassChangeError'{0x00000000c4e1f6b8}: Found class java.lang.Object, but interface was expected> (0x00000000c4e1f6b8) 
thrown [s\src\hotspot\share\interpreter\linkResolver.cpp, line 826]
Event: 75.225 Thread 0x00000168d0f4ec70 Exception <a 'java/lang/NoSuchMethodError'{0x00000000c4e30210}: 'int java.lang.invoke.DirectMethodHandle$Holder.invokeSpecialIFC(java.lang.Object, java.lang.Object, java.lang.Object)'> (0x00000000c4e30210) 
thrown [s\src\hotspot\share\interpreter\linkResolver.cpp, line 759]
Event: 75.236 Thread 0x00000168d0f4ec70 Exception <a 'java/lang/NoSuchMethodError'{0x00000000c4e48848}: 'void java.lang.invoke.DirectMethodHandle$Holder.invokeStatic(java.lang.Object, int, java.lang.Object)'> (0x00000000c4e48848) 
thrown [s\src\hotspot\share\interpreter\linkResolver.cpp, line 759]

VM Operations (20 events):
Event: 71.829 Executing VM operation: Cleanup
Event: 71.845 Executing VM operation: Cleanup done
Event: 72.848 Executing VM operation: Cleanup
Event: 72.848 Executing VM operation: Cleanup done
Event: 73.462 Executing VM operation: HandshakeAllThreads
Event: 73.462 Executing VM operation: HandshakeAllThreads done
Event: 74.468 Executing VM operation: Cleanup
Event: 74.468 Executing VM operation: Cleanup done
Event: 74.819 Executing VM operation: G1CollectForAllocation
Event: 74.840 Executing VM operation: G1CollectForAllocation done
Event: 75.847 Executing VM operation: Cleanup
Event: 75.864 Executing VM operation: Cleanup done
Event: 76.053 Executing VM operation: CollectForMetadataAllocation
Event: 76.075 Executing VM operation: CollectForMetadataAllocation done
Event: 76.203 Executing VM operation: G1PauseRemark
Event: 76.220 Executing VM operation: G1PauseRemark done
Event: 76.289 Executing VM operation: G1PauseCleanup
Event: 76.289 Executing VM operation: G1PauseCleanup done
Event: 77.303 Executing VM operation: Cleanup
Event: 77.335 Executing VM operation: Cleanup done

Memory protections (0 events):
No events

Nmethod flushes (0 events):
No events

Events (20 events):
Event: 0.337 Thread 0x00000168d0f4ec70 Thread added: 0x00000168ee3a21d0
Event: 0.408 Thread 0x00000168d0f4ec70 Thread added: 0x00000168ee3b2ab0
Event: 0.409 Thread 0x00000168d0f4ec70 Thread added: 0x00000168ee3b3580
Event: 0.409 Thread 0x00000168d0f4ec70 Thread added: 0x00000168ee3b5f50
Event: 0.410 Thread 0x00000168d0f4ec70 Thread added: 0x00000168ee3b8920
Event: 0.411 Thread 0x00000168d0f4ec70 Thread added: 0x00000168ee3ba620
Event: 0.414 Thread 0x00000168d0f4ec70 Thread added: 0x00000168ee3bb0d0
Event: 0.416 Thread 0x00000168d0f4ec70 Thread added: 0x00000168ee3be280
Event: 0.669 Thread 0x00000168d0f4ec70 Thread added: 0x00000168ee623820
Event: 0.678 Thread 0x00000168d0f4ec70 Thread added: 0x00000168ee6242c0
Event: 4.813 Thread 0x00000168d0f4ec70 Thread added: 0x00000168ee7a0200
Event: 5.006 Thread 0x00000168d0f4ec70 Thread added: 0x00000168ee7a06e0
Event: 22.769 Thread 0x00000168d0f4ec70 Thread added: 0x00000168f3f60f80
Event: 26.146 Thread 0x00000168d0f4ec70 Thread added: 0x00000168f3f5e700
Event: 26.632 Thread 0x00000168f3f5e700 Thread exited: 0x00000168f3f5e700
Event: 32.340 Thread 0x00000168f3f60f80 Thread exited: 0x00000168f3f60f80
Event: 55.604 Thread 0x00000168d0f4ec70 Thread added: 0x00000168f4bcdee0
Event: 55.749 Thread 0x00000168d0f4ec70 Thread added: 0x00000168f4bcb150
Event: 55.890 Thread 0x00000168f4bcb150 Thread added: 0x00000168f4bcd9d0
Event: 70.215 Thread 0x00000168f4bcd9d0 Thread exited: 0x00000168f4bcd9d0


Dynamic libraries:
0x00007ff705400000 - 0x00007ff70540e000 	C:\Users\user\.jdks\corretto-17.0.13\bin\java.exe
0x00007ffb73910000 - 0x00007ffb73b08000 	C:\WINDOWS\SYSTEM32\ntdll.dll
0x00007ffb728c0000 - 0x00007ffb72982000 	C:\WINDOWS\System32\KERNEL32.DLL
0x00007ffb70fd0000 - 0x00007ffb712c6000 	C:\WINDOWS\System32\KERNELBASE.dll
0x00007ffb713d0000 - 0x00007ffb714d0000 	C:\WINDOWS\System32\ucrtbase.dll
0x00007ffb68fb0000 - 0x00007ffb68fc7000 	C:\Users\user\.jdks\corretto-17.0.13\bin\jli.dll
0x00007ffb735c0000 - 0x00007ffb73761000 	C:\WINDOWS\System32\USER32.dll
0x00007ffb71860000 - 0x00007ffb71882000 	C:\WINDOWS\System32\win32u.dll
0x00007ffb73800000 - 0x00007ffb7382b000 	C:\WINDOWS\System32\GDI32.dll
0x00007ffb71630000 - 0x00007ffb71749000 	C:\WINDOWS\System32\gdi32full.dll
0x00007ffb71890000 - 0x00007ffb7192d000 	C:\WINDOWS\System32\msvcp_win.dll
0x00007ffb6a960000 - 0x00007ffb6a97b000 	C:\Users\user\.jdks\corretto-17.0.13\bin\VCRUNTIME140.dll
0x00007ffb5e9f0000 - 0x00007ffb5ec8b000 	C:\WINDOWS\WinSxS\amd64_microsoft.windows.common-controls_6595b64144ccf1df_6.0.19041.6456_none_60b8a6cb71f64256\COMCTL32.dll
0x00007ffb727a0000 - 0x00007ffb7283e000 	C:\WINDOWS\System32\msvcrt.dll
0x00007ffb73570000 - 0x00007ffb7359f000 	C:\WINDOWS\System32\IMM32.DLL
0x00007ffb6cf70000 - 0x00007ffb6cf7c000 	C:\Users\user\.jdks\corretto-17.0.13\bin\vcruntime140_1.dll
0x00007ffb4cc00000 - 0x00007ffb4cc8d000 	C:\Users\user\.jdks\corretto-17.0.13\bin\msvcp140.dll
0x00007ffb2c080000 - 0x00007ffb2ccec000 	C:\Users\user\.jdks\corretto-17.0.13\bin\server\jvm.dll
0x00007ffb729b0000 - 0x00007ffb72a61000 	C:\WINDOWS\System32\ADVAPI32.dll
0x00007ffb73830000 - 0x00007ffb738cf000 	C:\WINDOWS\System32\sechost.dll
0x00007ffb72ad0000 - 0x00007ffb72bf0000 	C:\WINDOWS\System32\RPCRT4.dll
0x00007ffb70fa0000 - 0x00007ffb70fc7000 	C:\WINDOWS\System32\bcrypt.dll
0x00007ffb72010000 - 0x00007ffb7207b000 	C:\WINDOWS\System32\WS2_32.dll
0x00007ffb70e00000 - 0x00007ffb70e4b000 	C:\WINDOWS\SYSTEM32\POWRPROF.dll
0x00007ffb5f6b0000 - 0x00007ffb5f6ba000 	C:\WINDOWS\SYSTEM32\VERSION.dll
0x00007ffb5f660000 - 0x00007ffb5f687000 	C:\WINDOWS\SYSTEM32\WINMM.dll
0x00007ffb70de0000 - 0x00007ffb70df2000 	C:\WINDOWS\SYSTEM32\UMPDC.dll
0x00007ffb6f770000 - 0x00007ffb6f782000 	C:\WINDOWS\SYSTEM32\kernel.appcore.dll
0x00007ffb6b520000 - 0x00007ffb6b52a000 	C:\Users\user\.jdks\corretto-17.0.13\bin\jimage.dll
0x00007ffb6ec70000 - 0x00007ffb6ee71000 	C:\WINDOWS\SYSTEM32\DBGHELP.DLL
0x00007ffb5e270000 - 0x00007ffb5e2a4000 	C:\WINDOWS\SYSTEM32\dbgcore.DLL
0x00007ffb717d0000 - 0x00007ffb71852000 	C:\WINDOWS\System32\bcryptPrimitives.dll
0x00007ffb68f70000 - 0x00007ffb68f95000 	C:\Users\user\.jdks\corretto-17.0.13\bin\java.dll
0x00007ffb46300000 - 0x00007ffb463d7000 	C:\Users\user\.jdks\corretto-17.0.13\bin\jsvml.dll
0x00007ffb72c50000 - 0x00007ffb733c0000 	C:\WINDOWS\System32\SHELL32.dll
0x00007ffb6ee80000 - 0x00007ffb6f625000 	C:\WINDOWS\SYSTEM32\windows.storage.dll
0x00007ffb71bf0000 - 0x00007ffb71f44000 	C:\WINDOWS\System32\combase.dll
0x00007ffb70810000 - 0x00007ffb7083b000 	C:\WINDOWS\SYSTEM32\Wldp.dll
0x00007ffb734a0000 - 0x00007ffb7356d000 	C:\WINDOWS\System32\OLEAUT32.dll
0x00007ffb71990000 - 0x00007ffb71a3d000 	C:\WINDOWS\System32\SHCORE.dll
0x00007ffb72bf0000 - 0x00007ffb72c4b000 	C:\WINDOWS\System32\shlwapi.dll
0x00007ffb70ed0000 - 0x00007ffb70ef4000 	C:\WINDOWS\SYSTEM32\profapi.dll
0x00007ffb62090000 - 0x00007ffb620a9000 	C:\Users\user\.jdks\corretto-17.0.13\bin\net.dll
0x00007ffb64900000 - 0x00007ffb64a0a000 	C:\WINDOWS\SYSTEM32\WINHTTP.dll
0x00007ffb705f0000 - 0x00007ffb7065a000 	C:\WINDOWS\system32\mswsock.dll
0x00007ffb61320000 - 0x00007ffb61336000 	C:\Users\user\.jdks\corretto-17.0.13\bin\nio.dll
0x00007ffb61300000 - 0x00007ffb61318000 	C:\Users\user\.jdks\corretto-17.0.13\bin\zip.dll
0x00007ffb69060000 - 0x00007ffb69069000 	C:\Users\user\.jdks\corretto-17.0.13\bin\management.dll
0x00007ffb61930000 - 0x00007ffb6193b000 	C:\Users\user\.jdks\corretto-17.0.13\bin\management_ext.dll
0x00007ffb729a0000 - 0x00007ffb729a8000 	C:\WINDOWS\System32\PSAPI.DLL
0x00007ffb60e70000 - 0x00007ffb60e7e000 	C:\Users\user\.jdks\corretto-17.0.13\bin\sunmscapi.dll
0x00007ffb714d0000 - 0x00007ffb7162d000 	C:\WINDOWS\System32\CRYPT32.dll
0x00007ffb70880000 - 0x00007ffb708a7000 	C:\WINDOWS\SYSTEM32\ncrypt.dll
0x00007ffb70840000 - 0x00007ffb7087b000 	C:\WINDOWS\SYSTEM32\NTASN1.dll
0x00007ffb70b60000 - 0x00007ffb70b78000 	C:\WINDOWS\SYSTEM32\CRYPTSP.dll
0x00007ffb6ff30000 - 0x00007ffb6ff68000 	C:\WINDOWS\system32\rsaenh.dll
0x00007ffb70e90000 - 0x00007ffb70ebe000 	C:\WINDOWS\SYSTEM32\USERENV.dll
0x00007ffb70780000 - 0x00007ffb7078c000 	C:\WINDOWS\SYSTEM32\CRYPTBASE.dll
0x00007ffb702f0000 - 0x00007ffb7032b000 	C:\WINDOWS\SYSTEM32\IPHLPAPI.DLL
0x00007ffb72000000 - 0x00007ffb72008000 	C:\WINDOWS\System32\NSI.dll
0x00007ffb678f0000 - 0x00007ffb67907000 	C:\WINDOWS\SYSTEM32\dhcpcsvc6.DLL
0x00007ffb67730000 - 0x00007ffb6774d000 	C:\WINDOWS\SYSTEM32\dhcpcsvc.DLL
0x00007ffb70330000 - 0x00007ffb703fa000 	C:\WINDOWS\SYSTEM32\DNSAPI.dll
0x00007ffb56260000 - 0x00007ffb56270000 	C:\Users\user\.jdks\corretto-17.0.13\bin\verify.dll
0x00007ffb61c20000 - 0x00007ffb61c2a000 	C:\Windows\System32\rasadhlp.dll
0x00007ffb61c40000 - 0x00007ffb61cc0000 	C:\WINDOWS\System32\fwpuclnt.dll
0x00007ffb68b00000 - 0x00007ffb68b09000 	C:\Users\user\.jdks\corretto-17.0.13\bin\extnet.dll

dbghelp: loaded successfully - version: 4.0.5 - missing functions: none
symbol engine: initialized successfully - sym options: 0x614 - pdb path: .;C:\Users\user\.jdks\corretto-17.0.13\bin;C:\WINDOWS\SYSTEM32;C:\WINDOWS\WinSxS\amd64_microsoft.windows.common-controls_6595b64144ccf1df_6.0.19041.6456_none_60b8a6cb71f64256;C:\Users\user\.jdks\corretto-17.0.13\bin\server

VM Arguments:
java_command: C:\Users\user\AppData\Local\Temp\surefire2451527962221774571\surefirebooter-20251112221118021_3.jar C:\Users\user\AppData\Local\Temp\surefire2451527962221774571 2025-11-12T22-11-14_290-jvmRun1 surefire-20251112221118021_1tmp surefire_0-20251112221118021_2tmp
java_class_path (initial): C:\Users\user\AppData\Local\Temp\surefire2451527962221774571\surefirebooter-20251112221118021_3.jar
Launcher Type: SUN_STANDARD

[Global flags]
     intx CICompilerCount                          = 3                                         {product} {ergonomic}
     uint ConcGCThreads                            = 1                                         {product} {ergonomic}
     uint G1ConcRefinementThreads                  = 4                                         {product} {ergonomic}
   size_t G1HeapRegionSize                         = 1048576                                   {product} {ergonomic}
    uintx GCDrainStackTargetSize                   = 64                                        {product} {ergonomic}
   size_t InitialHeapSize                          = 67108864                                  {product} {ergonomic}
   size_t MarkStackSize                            = 4194304                                   {product} {ergonomic}
   size_t MaxHeapSize                              = 1048576000                                {product} {ergonomic}
   size_t MaxNewSize                               = 629145600                                 {product} {ergonomic}
   size_t MinHeapDeltaBytes                        = 1048576                                   {product} {ergonomic}
   size_t MinHeapSize                              = 8388608                                   {product} {ergonomic}
    uintx NonNMethodCodeHeapSize                   = 5832780                                {pd product} {ergonomic}
    uintx NonProfiledCodeHeapSize                  = 122912730                              {pd product} {ergonomic}
    uintx ProfiledCodeHeapSize                     = 122912730                              {pd product} {ergonomic}
    uintx ReservedCodeCacheSize                    = 251658240                              {pd product} {ergonomic}
     bool SegmentedCodeCache                       = true                                      {product} {ergonomic}
   size_t SoftMaxHeapSize                          = 1048576000                             {manageable} {ergonomic}
     bool UseCompressedClassPointers               = true                           {product lp64_product} {ergonomic}
     bool UseCompressedOops                        = true                           {product lp64_product} {ergonomic}
     bool UseG1GC                                  = true                                      {product} {ergonomic}
     bool UseLargePagesIndividualAllocation        = false                                  {pd product} {ergonomic}

Logging:
Log output configuration:
 #0: stdout all=warning uptime,level,tags
 #1: stderr all=off uptime,level,tags

Environment Variables:
JAVA_HOME=C:\Program Files\Java\jdk-18.0.2.1
PATH=C:\Program Files (x86)\Common Files\Oracle\Java\java8path;C:\Program Files (x86)\Common Files\Oracle\Java\javapath;C:\WINDOWS\system32;C:\WINDOWS;C:\WINDOWS\System32\Wbem;C:\WINDOWS\System32\WindowsPowerShell\v1.0\;C:\WINDOWS\System32\OpenSSH\;C:\Program Files\Git\cmd;C:\Program Files\nodejs\;C:\Program Files\Java\jre1.8.0_431\bin;C:\Program Files\Docker\Docker\resources\bin;C:\Program Files\PostgreSQL\17\bin;C:\Users\user\AppData\Local\Microsoft\WindowsApps;C:\Users\user\AppData\Local\Programs\Microsoft VS Code\bin;C:\Users\user\AppData\Roaming\npm;C:\Program Files\PostgreSQL\17\bin;
USERNAME=user
OS=Windows_NT
PROCESSOR_IDENTIFIER=Intel64 Family 6 Model 76 Stepping 3, GenuineIntel
TMP=C:\Users\user\AppData\Local\Temp
TEMP=C:\Users\user\AppData\Local\Temp



Periodic native trim disabled


---------------  S Y S T E M  ---------------

OS:
 Windows 10 , 64 bit Build 19041 (10.0.19041.5915)
OS uptime: 3 days 4:23 hours
Hyper-V role detected

CPU: total 4 (initial active 4) (4 cores per cpu, 1 threads per core) family 6 model 76 stepping 3 microcode 0x368, cx8, cmov, fxsr, mmx, 3dnowpref, sse, sse2, sse3, ssse3, sse4.1, sse4.2, popcnt, tsc, tscinvbit, aes, erms, clmul, clflush, hv
Processor Information for all 4 processors :
  Max Mhz: 1601, Current Mhz: 1601, Mhz Limit: 1601

Memory: 4k page, system-wide physical 3996M (206M free)
TotalPageFile size 16284M (AvailPageFile size 4M)
current process WorkingSet (physical memory assigned to process): 189M, peak: 204M
current process commit charge ("private bytes"): 245M, peak: 260M

vm_info: OpenJDK 64-Bit Server VM (17.0.13+11-LTS) for windows-amd64 JRE (17.0.13+11-LTS), built on Oct 10 2024 19:51:30 by "Administrator" with MS VC++ 16.10 / 16.11 (VS2019)

END.
